2025-05-10 01:12:12,962 - bitget_handler - INFO - Initialized with config: leverage=20, order_size_percentage=10.0
2025-05-10 01:12:12,962 - bitget_handler - INFO - Bitget handler initialized
2025-05-10 01:12:12,963 - bitget_handler - INFO - Initialized with config: leverage=20, order_size_percentage=10.0
2025-05-10 01:12:12,963 - bitget_handler - INFO - Bitget handler initialized
2025-05-10 01:12:12,964 - bitget_handler - INFO - Trying endpoint: /api/mix/v1/position/allPosition with params: {'productType': 'umcbl', 'marginCoin': 'USDT'}
2025-05-10 01:12:12,996 - werkzeug - INFO - [31m[1mWARNING: This is a development server. Do not use it in a production deployment. Use a production WSGI server instead.[0m
 * Running on all addresses (0.0.0.0)
 * Running on http://127.0.0.1:5000
 * Running on http://192.168.3.58:5000
2025-05-10 01:12:12,999 - werkzeug - INFO - [33mPress CTRL+C to quit[0m
2025-05-10 01:12:13,001 - werkzeug - INFO -  * Restarting with stat
2025-05-10 01:12:13,604 - bitget_handler - INFO - Raw position API response from /api/mix/v1/position/allPosition: {'code': '00000', 'msg': 'success', 'requestTime': 1746807133689, 'data': []}
2025-05-10 01:12:13,604 - bitget_handler - INFO - Trying endpoint: /api/mix/v1/position/singlePosition with params: {'symbol': 'BTCUSDT_UMCBL', 'marginCoin': 'USDT'}
2025-05-10 01:12:13,762 - bitget_handler - INFO - Initialized with config: leverage=20, order_size_percentage=10.0
2025-05-10 01:12:13,762 - bitget_handler - INFO - Bitget handler initialized
2025-05-10 01:12:13,763 - bitget_handler - INFO - Initialized with config: leverage=20, order_size_percentage=10.0
2025-05-10 01:12:13,763 - bitget_handler - INFO - Bitget handler initialized
2025-05-10 01:12:13,764 - bitget_handler - INFO - Trying endpoint: /api/mix/v1/position/allPosition with params: {'productType': 'umcbl', 'marginCoin': 'USDT'}
2025-05-10 01:12:13,789 - werkzeug - WARNING -  * Debugger is active!
2025-05-10 01:12:13,795 - werkzeug - INFO -  * Debugger PIN: 555-120-799
2025-05-10 01:12:14,247 - bitget_handler - INFO - Raw position API response from /api/mix/v1/position/singlePosition: {'code': '00000', 'msg': 'success', 'requestTime': 1746807134371, 'data': []}
2025-05-10 01:12:14,248 - bitget_handler - INFO - Trying endpoint: /api/mix/v1/position/holds with params: {'productType': 'umcbl', 'marginCoin': 'USDT'}
2025-05-10 01:12:14,398 - bitget_handler - INFO - Raw position API response from /api/mix/v1/position/allPosition: {'code': '00000', 'msg': 'success', 'requestTime': 1746807134516, 'data': []}
2025-05-10 01:12:14,400 - bitget_handler - INFO - Trying endpoint: /api/mix/v1/position/singlePosition with params: {'symbol': 'BTCUSDT_UMCBL', 'marginCoin': 'USDT'}
2025-05-10 01:12:15,021 - bitget_handler - ERROR - Error with endpoint /api/mix/v1/position/holds: API Request Error(code=40404): Request URL NOT FOUND
2025-05-10 01:12:15,024 - bitget_handler - WARNING - No positions found using any endpoint
2025-05-10 01:12:15,024 - bitget_handler - INFO - Starting to format 0 positions for dashboard
2025-05-10 01:12:15,024 - bitget_handler - WARNING - No positions were formatted successfully
2025-05-10 01:12:15,117 - bitget_handler - INFO - Raw position API response from /api/mix/v1/position/singlePosition: {'code': '00000', 'msg': 'success', 'requestTime': 1746807135223, 'data': []}
2025-05-10 01:12:15,118 - bitget_handler - INFO - Trying endpoint: /api/mix/v1/position/holds with params: {'productType': 'umcbl', 'marginCoin': 'USDT'}
2025-05-10 01:12:15,804 - bitget_handler - ERROR - Error with endpoint /api/mix/v1/position/holds: API Request Error(code=40404): Request URL NOT FOUND
2025-05-10 01:12:15,806 - bitget_handler - WARNING - No positions found using any endpoint
2025-05-10 01:12:15,807 - bitget_handler - INFO - Starting to format 0 positions for dashboard
2025-05-10 01:12:15,807 - bitget_handler - WARNING - No positions were formatted successfully
2025-05-10 01:12:18,095 - __main__ - INFO - Received webhook data: {'signal': 'BTCUSDT/long/open'}
2025-05-10 01:12:18,096 - bitget_handler - INFO - Initialized with config: leverage=20, order_size_percentage=10.0
2025-05-10 01:12:18,097 - bitget_handler - INFO - Bitget handler initialized
2025-05-10 01:12:18,097 - __main__ - INFO - Processing webhook data: {'signal': 'BTCUSDT/long/open'}
2025-05-10 01:12:18,097 - __main__ - INFO - Found direct signal field: BTCUSDT/long/open
2025-05-10 01:12:18,098 - __main__ - INFO - Extracted signal: BTCUSDT/long/open
2025-05-10 01:12:18,098 - __main__ - INFO - Cleaned symbol: BTCUSDT
2025-05-10 01:12:18,099 - __main__ - INFO - Processing signal: BTCUSDT/long/open
2025-05-10 01:12:18,099 - __main__ - INFO - Starting to process signal: BTCUSDT/long/open
2025-05-10 01:12:18,100 - bitget_handler - INFO - Initialized with config: leverage=20, order_size_percentage=10.0
2025-05-10 01:12:18,100 - bitget_handler - INFO - Bitget handler initialized
2025-05-10 01:12:18,101 - __main__ - INFO - Checking open positions count...
2025-05-10 01:12:18,101 - bitget_handler - INFO - Trying endpoint: /api/mix/v1/position/allPosition with params: {'productType': 'umcbl', 'marginCoin': 'USDT'}
2025-05-10 01:12:18,940 - bitget_handler - INFO - Raw position API response from /api/mix/v1/position/allPosition: {'code': '00000', 'msg': 'success', 'requestTime': 1746807139048, 'data': []}
2025-05-10 01:12:18,941 - bitget_handler - INFO - Trying endpoint: /api/mix/v1/position/singlePosition with params: {'symbol': 'BTCUSDT_UMCBL', 'marginCoin': 'USDT'}
2025-05-10 01:12:19,538 - bitget_handler - INFO - Raw position API response from /api/mix/v1/position/singlePosition: {'code': '00000', 'msg': 'success', 'requestTime': 1746807139665, 'data': []}
2025-05-10 01:12:19,539 - bitget_handler - INFO - Trying endpoint: /api/mix/v1/position/holds with params: {'productType': 'umcbl', 'marginCoin': 'USDT'}
2025-05-10 01:12:20,025 - bitget_handler - INFO - Trying endpoint: /api/mix/v1/position/allPosition with params: {'productType': 'umcbl', 'marginCoin': 'USDT'}
2025-05-10 01:12:20,112 - bitget_handler - ERROR - Error with endpoint /api/mix/v1/position/holds: API Request Error(code=40404): Request URL NOT FOUND
2025-05-10 01:12:20,115 - bitget_handler - WARNING - No positions found using any endpoint
2025-05-10 01:12:20,115 - __main__ - INFO - Current positions from API: []
2025-05-10 01:12:20,116 - __main__ - INFO - Open positions count: 0, Max allowed: 10
2025-05-10 01:12:20,116 - __main__ - INFO - Placing open_long order for BTCUSDT
2025-05-10 01:12:20,116 - __main__ - INFO - Calling place_order with symbol=BTCUSDT, side=open_long
2025-05-10 01:12:20,117 - bitget_handler - INFO - Placing order with formatted symbol: BTCUSDT_UMCBL
2025-05-10 01:12:20,660 - bitget_handler - INFO - Raw position API response from /api/mix/v1/position/allPosition: {'code': '00000', 'msg': 'success', 'requestTime': 1746807140783, 'data': []}
2025-05-10 01:12:20,661 - bitget_handler - INFO - Trying endpoint: /api/mix/v1/position/singlePosition with params: {'symbol': 'BTCUSDT_UMCBL', 'marginCoin': 'USDT'}
2025-05-10 01:12:20,758 - bitget_handler - INFO - Initialized with config: leverage=20, order_size_percentage=10.0
2025-05-10 01:12:20,760 - bitget_handler - INFO - Account API response: {'code': '00000', 'msg': 'success', 'requestTime': 1746807140881, 'data': {'marginCoin': 'USDT', 'locked': '0', 'available': '72.90472547', 'crossMaxAvailable': '72.90472547', 'fixedMaxAvailable': '72.90472547', 'maxTransferOut': '72.90472547', 'equity': '72.90472547', 'usdtEquity': '72.904725470239', 'btcEquity': '0.000710219783', 'crossRiskRate': '0', 'crossMarginLeverage': 10, 'fixedLongLeverage': 20, 'fixedShortLeverage': 20, 'marginMode': 'fixed', 'holdMode': 'double_hold', 'unrealizedPL': '0', 'bonus': '0', 'crossedUnrealizedPL': '', 'isolatedUnrealizedPL': '0'}}
2025-05-10 01:12:20,760 - bitget_handler - INFO - Bitget handler initialized
2025-05-10 01:12:20,761 - bitget_handler - INFO - Account details - Available: 72.90472547, Equity: 72.90472547, Unrealized PnL: 0.0
2025-05-10 01:12:20,762 - __main__ - INFO - Fetching positions from Bitget API...
2025-05-10 01:12:20,762 - bitget_handler - INFO - Account balance: 72.90472547 USDT
2025-05-10 01:12:20,763 - bitget_handler - INFO - Trying endpoint: /api/mix/v1/position/allPosition with params: {'productType': 'umcbl', 'marginCoin': 'USDT'}
2025-05-10 01:12:20,763 - bitget_handler - INFO - Order calculation:
2025-05-10 01:12:20,765 - bitget_handler - INFO - Balance: $72.90472547 USDT
2025-05-10 01:12:20,766 - bitget_handler - INFO - Order Size: 10.0%
2025-05-10 01:12:20,767 - bitget_handler - INFO - Order Amount: $7.290472547 USDT
2025-05-10 01:12:20,767 - bitget_handler - INFO - Getting price for formatted symbol: BTCUSDT_UMCBL
2025-05-10 01:12:20,808 - bitget_handler - INFO - Trying endpoint: /api/mix/v1/position/allPosition with params: {'productType': 'umcbl', 'marginCoin': 'USDT'}
2025-05-10 01:12:21,455 - bitget_handler - INFO - Raw position API response from /api/mix/v1/position/singlePosition: {'code': '00000', 'msg': 'success', 'requestTime': 1746807141577, 'data': []}
2025-05-10 01:12:21,456 - bitget_handler - INFO - Trying endpoint: /api/mix/v1/position/holds with params: {'productType': 'umcbl', 'marginCoin': 'USDT'}
2025-05-10 01:12:21,570 - bitget_handler - INFO - Raw position API response from /api/mix/v1/position/allPosition: {'code': '00000', 'msg': 'success', 'requestTime': 1746807141680, 'data': []}
2025-05-10 01:12:21,571 - bitget_handler - INFO - Trying endpoint: /api/mix/v1/position/singlePosition with params: {'symbol': 'BTCUSDT_UMCBL', 'marginCoin': 'USDT'}
2025-05-10 01:12:21,576 - bitget_handler - INFO - Raw position API response from /api/mix/v1/position/allPosition: {'code': '00000', 'msg': 'success', 'requestTime': 1746807141701, 'data': []}
2025-05-10 01:12:21,576 - bitget_handler - INFO - Trying endpoint: /api/mix/v1/position/singlePosition with params: {'symbol': 'BTCUSDT_UMCBL', 'marginCoin': 'USDT'}
2025-05-10 01:12:21,585 - bitget_handler - INFO - Current price for BTCUSDT_UMCBL: 102613.7
2025-05-10 01:12:21,585 - bitget_handler - INFO - Current price for BTCUSDT: 102613.7
2025-05-10 01:12:21,585 - bitget_handler - INFO - Final size for BTCUSDT: 7.104775041734194e-05 ($7.290472547 USDT)
2025-05-10 01:12:22,172 - bitget_handler - ERROR - Error with endpoint /api/mix/v1/position/holds: API Request Error(code=40404): Request URL NOT FOUND
2025-05-10 01:12:22,174 - bitget_handler - WARNING - No positions found using any endpoint
2025-05-10 01:12:22,174 - bitget_handler - INFO - Starting to format 0 positions for dashboard
2025-05-10 01:12:22,174 - bitget_handler - WARNING - No positions were formatted successfully
2025-05-10 01:12:22,347 - bitget_handler - INFO - Raw position API response from /api/mix/v1/position/singlePosition: {'code': '00000', 'msg': 'success', 'requestTime': 1746807142467, 'data': []}
2025-05-10 01:12:22,347 - bitget_handler - INFO - Trying endpoint: /api/mix/v1/position/holds with params: {'productType': 'umcbl', 'marginCoin': 'USDT'}
2025-05-10 01:12:22,366 - bitget_handler - INFO - Leverage 20x set for long side: {'code': '00000', 'msg': 'success', 'requestTime': 1746807142479, 'data': {'symbol': 'BTCUSDT_UMCBL', 'marginCoin': 'USDT', 'longLeverage': 20, 'shortLeverage': 20, 'crossMarginLeverage': 20, 'marginMode': 'fixed'}}
2025-05-10 01:12:22,371 - bitget_handler - INFO - Raw position API response from /api/mix/v1/position/singlePosition: {'code': '00000', 'msg': 'success', 'requestTime': 1746807142473, 'data': []}
2025-05-10 01:12:22,371 - bitget_handler - INFO - Trying endpoint: /api/mix/v1/position/holds with params: {'productType': 'umcbl', 'marginCoin': 'USDT'}
2025-05-10 01:12:23,082 - bitget_handler - ERROR - Error with endpoint /api/mix/v1/position/holds: API Request Error(code=40404): Request URL NOT FOUND
2025-05-10 01:12:23,085 - bitget_handler - WARNING - No positions found using any endpoint
2025-05-10 01:12:23,085 - bitget_handler - INFO - Starting to format 0 positions for dashboard
2025-05-10 01:12:23,086 - bitget_handler - WARNING - No positions were formatted successfully
2025-05-10 01:12:23,092 - bitget_handler - ERROR - Error with endpoint /api/mix/v1/position/holds: API Request Error(code=40404): Request URL NOT FOUND
2025-05-10 01:12:23,094 - bitget_handler - WARNING - No positions found using any endpoint
2025-05-10 01:12:23,095 - __main__ - INFO - No positions returned from API
2025-05-10 01:12:23,108 - bitget_handler - INFO - Leverage 20x set for short side: {'code': '00000', 'msg': 'success', 'requestTime': 1746807143234, 'data': {'symbol': 'BTCUSDT_UMCBL', 'marginCoin': 'USDT', 'longLeverage': 20, 'shortLeverage': 20, 'crossMarginLeverage': 20, 'marginMode': 'fixed'}}
2025-05-10 01:12:23,109 - bitget_handler - INFO - Adding TP/SL to open_long order:
2025-05-10 01:12:23,109 - bitget_handler - INFO - Entry Price: 102613.7
2025-05-10 01:12:23,109 - bitget_handler - INFO - TP Price: 102818.90000 (0.20000%)
2025-05-10 01:12:23,110 - bitget_handler - INFO - SL Price: 102511.10000 (0.10000%)
2025-05-10 01:12:23,110 - bitget_handler - INFO - Placing open_long order for BTCUSDT_UMCBL, size: 7.104775041734194e-05, params: {'symbol': 'BTCUSDT_UMCBL', 'marginCoin': 'USDT', 'size': '7.104775041734194e-05', 'side': 'open_long', 'orderType': 'market', 'presetTakeProfitPrice': '102818.9', 'presetStopLossPrice': '102511.1'}
2025-05-10 01:12:23,725 - bitget_handler - ERROR - Bitget API error: API Request Error(code=45111): less than the minimum order quantity
2025-05-10 01:12:23,726 - bitget_handler - ERROR - Bitget error code: 45111
2025-05-10 01:12:23,758 - bitget_handler - INFO - Account API response: {'code': '00000', 'msg': 'success', 'requestTime': 1746807143873, 'data': {'marginCoin': 'USDT', 'locked': '0', 'available': '72.90472547', 'crossMaxAvailable': '72.90472547', 'fixedMaxAvailable': '72.90472547', 'maxTransferOut': '72.90472547', 'equity': '72.90472547', 'usdtEquity': '72.904725470239', 'btcEquity': '0.000710085115', 'crossRiskRate': '0', 'crossMarginLeverage': 10, 'fixedLongLeverage': 20, 'fixedShortLeverage': 20, 'marginMode': 'fixed', 'holdMode': 'double_hold', 'unrealizedPL': '0', 'bonus': '0', 'crossedUnrealizedPL': '', 'isolatedUnrealizedPL': '0'}}
2025-05-10 01:12:23,759 - bitget_handler - INFO - Account details - Available: 72.90472547, Equity: 72.90472547, Unrealized PnL: 0.0
2025-05-10 01:12:23,760 - __main__ - INFO - Account details - Balance: 72.90472547 USDT, Equity: 72.90472547 USDT, Unrealized PnL: 0.0 USDT
2025-05-10 01:12:23,785 - werkzeug - INFO - 127.0.0.1 - - [10/May/2025 01:12:23] "GET /dashboard HTTP/1.1" 200 -
2025-05-10 01:12:25,157 - bitget_handler - INFO - Sending telegram notification with chat_id: -1002515104830
2025-05-10 01:12:26,109 - httpx - INFO - HTTP Request: POST https://api.telegram.org/bot7212214739:AAGtBFsx2ULZhqj6RJ9Ytns1_-2sn2GRVu4/sendMessage "HTTP/1.1 200 OK"
2025-05-10 01:12:26,134 - __main__ - INFO - Order result: {'error': 'API Request Error(code=45111): less than the minimum order quantity'}
2025-05-10 01:12:26,134 - __main__ - ERROR - Failed to place order. API response: {'error': 'API Request Error(code=45111): less than the minimum order quantity'}
2025-05-10 01:12:26,136 - bitget_handler - INFO - Initialized with config: leverage=20, order_size_percentage=10.0
2025-05-10 01:12:26,136 - bitget_handler - INFO - Bitget handler initialized
2025-05-10 01:12:26,943 - bitget_handler - INFO - Initialized with config: leverage=20, order_size_percentage=10.0
2025-05-10 01:12:26,944 - bitget_handler - INFO - Bitget handler initialized
2025-05-10 01:12:26,944 - __main__ - INFO - Fetching positions from Bitget API...
2025-05-10 01:12:26,944 - bitget_handler - INFO - Trying endpoint: /api/mix/v1/position/allPosition with params: {'productType': 'umcbl', 'marginCoin': 'USDT'}
2025-05-10 01:12:27,004 - __main__ - INFO - Sending telegram with chat_id: -1002515104830
2025-05-10 01:12:27,175 - bitget_handler - INFO - Trying endpoint: /api/mix/v1/position/allPosition with params: {'productType': 'umcbl', 'marginCoin': 'USDT'}
2025-05-10 01:12:27,629 - bitget_handler - INFO - Raw position API response from /api/mix/v1/position/allPosition: {'code': '00000', 'msg': 'success', 'requestTime': 1746807147754, 'data': []}
2025-05-10 01:12:27,630 - bitget_handler - INFO - Trying endpoint: /api/mix/v1/position/singlePosition with params: {'symbol': 'BTCUSDT_UMCBL', 'marginCoin': 'USDT'}
2025-05-10 01:12:27,795 - bitget_handler - INFO - Raw position API response from /api/mix/v1/position/allPosition: {'code': '00000', 'msg': 'success', 'requestTime': 1746807147906, 'data': []}
2025-05-10 01:12:27,796 - bitget_handler - INFO - Trying endpoint: /api/mix/v1/position/singlePosition with params: {'symbol': 'BTCUSDT_UMCBL', 'marginCoin': 'USDT'}
2025-05-10 01:12:27,849 - httpx - INFO - HTTP Request: POST https://api.telegram.org/bot7212214739:AAGtBFsx2ULZhqj6RJ9Ytns1_-2sn2GRVu4/sendMessage "HTTP/1.1 200 OK"
2025-05-10 01:12:27,866 - werkzeug - INFO - 127.0.0.1 - - [10/May/2025 01:12:27] "POST /webhook HTTP/1.1" 200 -
2025-05-10 01:12:28,087 - bitget_handler - INFO - Trying endpoint: /api/mix/v1/position/allPosition with params: {'productType': 'umcbl', 'marginCoin': 'USDT'}
2025-05-10 01:12:28,304 - bitget_handler - INFO - Raw position API response from /api/mix/v1/position/singlePosition: {'code': '00000', 'msg': 'success', 'requestTime': 1746807148424, 'data': []}
2025-05-10 01:12:28,305 - bitget_handler - INFO - Trying endpoint: /api/mix/v1/position/holds with params: {'productType': 'umcbl', 'marginCoin': 'USDT'}
2025-05-10 01:12:28,541 - bitget_handler - INFO - Raw position API response from /api/mix/v1/position/singlePosition: {'code': '00000', 'msg': 'success', 'requestTime': 1746807148645, 'data': []}
2025-05-10 01:12:28,542 - bitget_handler - INFO - Trying endpoint: /api/mix/v1/position/holds with params: {'productType': 'umcbl', 'marginCoin': 'USDT'}
2025-05-10 01:12:28,761 - bitget_handler - INFO - Raw position API response from /api/mix/v1/position/allPosition: {'code': '00000', 'msg': 'success', 'requestTime': 1746807148870, 'data': []}
2025-05-10 01:12:28,762 - bitget_handler - INFO - Trying endpoint: /api/mix/v1/position/singlePosition with params: {'symbol': 'BTCUSDT_UMCBL', 'marginCoin': 'USDT'}
2025-05-10 01:12:28,995 - bitget_handler - ERROR - Error with endpoint /api/mix/v1/position/holds: API Request Error(code=40404): Request URL NOT FOUND
2025-05-10 01:12:28,997 - bitget_handler - WARNING - No positions found using any endpoint
2025-05-10 01:12:28,997 - __main__ - INFO - No positions returned from API
2025-05-10 01:12:29,262 - bitget_handler - ERROR - Error with endpoint /api/mix/v1/position/holds: API Request Error(code=40404): Request URL NOT FOUND
2025-05-10 01:12:29,265 - bitget_handler - WARNING - No positions found using any endpoint
2025-05-10 01:12:29,265 - bitget_handler - INFO - Starting to format 0 positions for dashboard
2025-05-10 01:12:29,266 - bitget_handler - WARNING - No positions were formatted successfully
2025-05-10 01:12:29,444 - bitget_handler - INFO - Raw position API response from /api/mix/v1/position/singlePosition: {'code': '00000', 'msg': 'success', 'requestTime': 1746807149568, 'data': []}
2025-05-10 01:12:29,444 - bitget_handler - INFO - Trying endpoint: /api/mix/v1/position/holds with params: {'productType': 'umcbl', 'marginCoin': 'USDT'}
2025-05-10 01:12:29,674 - bitget_handler - INFO - Account API response: {'code': '00000', 'msg': 'success', 'requestTime': 1746807149797, 'data': {'marginCoin': 'USDT', 'locked': '0', 'available': '72.90472547', 'crossMaxAvailable': '72.90472547', 'fixedMaxAvailable': '72.90472547', 'maxTransferOut': '72.90472547', 'equity': '72.90472547', 'usdtEquity': '72.904725470239', 'btcEquity': '0.000710225614', 'crossRiskRate': '0', 'crossMarginLeverage': 10, 'fixedLongLeverage': 20, 'fixedShortLeverage': 20, 'marginMode': 'fixed', 'holdMode': 'double_hold', 'unrealizedPL': '0', 'bonus': '0', 'crossedUnrealizedPL': '', 'isolatedUnrealizedPL': '0'}}
2025-05-10 01:12:29,675 - bitget_handler - INFO - Account details - Available: 72.90472547, Equity: 72.90472547, Unrealized PnL: 0.0
2025-05-10 01:12:29,675 - __main__ - INFO - Account details - Balance: 72.90472547 USDT, Equity: 72.90472547 USDT, Unrealized PnL: 0.0 USDT
2025-05-10 01:12:29,677 - werkzeug - INFO - 127.0.0.1 - - [10/May/2025 01:12:29] "GET /dashboard HTTP/1.1" 200 -
2025-05-10 01:12:30,085 - bitget_handler - ERROR - Error with endpoint /api/mix/v1/position/holds: API Request Error(code=40404): Request URL NOT FOUND
2025-05-10 01:12:30,088 - bitget_handler - WARNING - No positions found using any endpoint
2025-05-10 01:12:30,088 - bitget_handler - INFO - Starting to format 0 positions for dashboard
2025-05-10 01:12:30,089 - bitget_handler - WARNING - No positions were formatted successfully
2025-05-10 01:12:34,267 - bitget_handler - INFO - Trying endpoint: /api/mix/v1/position/allPosition with params: {'productType': 'umcbl', 'marginCoin': 'USDT'}
2025-05-10 01:12:34,749 - bitget_handler - INFO - Initialized with config: leverage=20, order_size_percentage=10.0
2025-05-10 01:12:34,750 - bitget_handler - INFO - Bitget handler initialized
2025-05-10 01:12:34,750 - __main__ - INFO - Fetching positions from Bitget API...
2025-05-10 01:12:34,751 - bitget_handler - INFO - Trying endpoint: /api/mix/v1/position/allPosition with params: {'productType': 'umcbl', 'marginCoin': 'USDT'}
2025-05-10 01:12:34,818 - bitget_handler - INFO - Raw position API response from /api/mix/v1/position/allPosition: {'code': '00000', 'msg': 'success', 'requestTime': 1746807154946, 'data': []}
2025-05-10 01:12:34,818 - bitget_handler - INFO - Trying endpoint: /api/mix/v1/position/singlePosition with params: {'symbol': 'BTCUSDT_UMCBL', 'marginCoin': 'USDT'}
2025-05-10 01:12:35,090 - bitget_handler - INFO - Trying endpoint: /api/mix/v1/position/allPosition with params: {'productType': 'umcbl', 'marginCoin': 'USDT'}
2025-05-10 01:12:35,436 - bitget_handler - INFO - Raw position API response from /api/mix/v1/position/allPosition: {'code': '00000', 'msg': 'success', 'requestTime': 1746807155556, 'data': []}
2025-05-10 01:12:35,437 - bitget_handler - INFO - Trying endpoint: /api/mix/v1/position/singlePosition with params: {'symbol': 'BTCUSDT_UMCBL', 'marginCoin': 'USDT'}
2025-05-10 01:12:35,507 - bitget_handler - INFO - Raw position API response from /api/mix/v1/position/singlePosition: {'code': '00000', 'msg': 'success', 'requestTime': 1746807155633, 'data': []}
2025-05-10 01:12:35,507 - bitget_handler - INFO - Trying endpoint: /api/mix/v1/position/holds with params: {'productType': 'umcbl', 'marginCoin': 'USDT'}
2025-05-10 01:12:35,803 - bitget_handler - INFO - Raw position API response from /api/mix/v1/position/allPosition: {'code': '00000', 'msg': 'success', 'requestTime': 1746807155929, 'data': []}
2025-05-10 01:12:35,804 - bitget_handler - INFO - Trying endpoint: /api/mix/v1/position/singlePosition with params: {'symbol': 'BTCUSDT_UMCBL', 'marginCoin': 'USDT'}
2025-05-10 01:12:36,214 - bitget_handler - INFO - Raw position API response from /api/mix/v1/position/singlePosition: {'code': '00000', 'msg': 'success', 'requestTime': 1746807156333, 'data': []}
2025-05-10 01:12:36,214 - bitget_handler - INFO - Trying endpoint: /api/mix/v1/position/holds with params: {'productType': 'umcbl', 'marginCoin': 'USDT'}
2025-05-10 01:12:36,282 - bitget_handler - ERROR - Error with endpoint /api/mix/v1/position/holds: API Request Error(code=40404): Request URL NOT FOUND
2025-05-10 01:12:36,285 - bitget_handler - WARNING - No positions found using any endpoint
2025-05-10 01:12:36,286 - bitget_handler - INFO - Starting to format 0 positions for dashboard
2025-05-10 01:12:36,286 - bitget_handler - WARNING - No positions were formatted successfully
2025-05-10 01:12:36,493 - bitget_handler - INFO - Raw position API response from /api/mix/v1/position/singlePosition: {'code': '00000', 'msg': 'success', 'requestTime': 1746807156609, 'data': []}
2025-05-10 01:12:36,493 - bitget_handler - INFO - Trying endpoint: /api/mix/v1/position/holds with params: {'productType': 'umcbl', 'marginCoin': 'USDT'}
2025-05-10 01:12:36,875 - bitget_handler - ERROR - Error with endpoint /api/mix/v1/position/holds: API Request Error(code=40404): Request URL NOT FOUND
2025-05-10 01:12:36,878 - bitget_handler - WARNING - No positions found using any endpoint
2025-05-10 01:12:36,878 - __main__ - INFO - No positions returned from API
2025-05-10 01:12:37,134 - bitget_handler - ERROR - Error with endpoint /api/mix/v1/position/holds: API Request Error(code=40404): Request URL NOT FOUND
2025-05-10 01:12:37,136 - bitget_handler - WARNING - No positions found using any endpoint
2025-05-10 01:12:37,136 - bitget_handler - INFO - Starting to format 0 positions for dashboard
2025-05-10 01:12:37,137 - bitget_handler - WARNING - No positions were formatted successfully
2025-05-10 01:12:37,583 - bitget_handler - INFO - Account API response: {'code': '00000', 'msg': 'success', 'requestTime': 1746807157691, 'data': {'marginCoin': 'USDT', 'locked': '0', 'available': '72.90472547', 'crossMaxAvailable': '72.90472547', 'fixedMaxAvailable': '72.90472547', 'maxTransferOut': '72.90472547', 'equity': '72.90472547', 'usdtEquity': '72.904725470239', 'btcEquity': '0.000710191591', 'crossRiskRate': '0', 'crossMarginLeverage': 10, 'fixedLongLeverage': 20, 'fixedShortLeverage': 20, 'marginMode': 'fixed', 'holdMode': 'double_hold', 'unrealizedPL': '0', 'bonus': '0', 'crossedUnrealizedPL': '', 'isolatedUnrealizedPL': '0'}}
2025-05-10 01:12:37,584 - bitget_handler - INFO - Account details - Available: 72.90472547, Equity: 72.90472547, Unrealized PnL: 0.0
2025-05-10 01:12:37,585 - __main__ - INFO - Account details - Balance: 72.90472547 USDT, Equity: 72.90472547 USDT, Unrealized PnL: 0.0 USDT
2025-05-10 01:12:37,586 - werkzeug - INFO - 127.0.0.1 - - [10/May/2025 01:12:37] "GET /dashboard HTTP/1.1" 200 -
2025-05-10 01:12:41,287 - bitget_handler - INFO - Trying endpoint: /api/mix/v1/position/allPosition with params: {'productType': 'umcbl', 'marginCoin': 'USDT'}
2025-05-10 01:12:41,869 - bitget_handler - INFO - Raw position API response from /api/mix/v1/position/allPosition: {'code': '00000', 'msg': 'success', 'requestTime': 1746807161998, 'data': []}
2025-05-10 01:12:41,869 - bitget_handler - INFO - Trying endpoint: /api/mix/v1/position/singlePosition with params: {'symbol': 'BTCUSDT_UMCBL', 'marginCoin': 'USDT'}
2025-05-10 01:12:42,138 - bitget_handler - INFO - Trying endpoint: /api/mix/v1/position/allPosition with params: {'productType': 'umcbl', 'marginCoin': 'USDT'}
2025-05-10 01:12:42,464 - bitget_handler - INFO - Raw position API response from /api/mix/v1/position/singlePosition: {'code': '00000', 'msg': 'success', 'requestTime': 1746807162589, 'data': []}
2025-05-10 01:12:42,465 - bitget_handler - INFO - Trying endpoint: /api/mix/v1/position/holds with params: {'productType': 'umcbl', 'marginCoin': 'USDT'}
2025-05-10 01:12:42,634 - bitget_handler - INFO - Initialized with config: leverage=20, order_size_percentage=10.0
2025-05-10 01:12:42,635 - bitget_handler - INFO - Bitget handler initialized
2025-05-10 01:12:42,635 - __main__ - INFO - Fetching positions from Bitget API...
2025-05-10 01:12:42,636 - bitget_handler - INFO - Trying endpoint: /api/mix/v1/position/allPosition with params: {'productType': 'umcbl', 'marginCoin': 'USDT'}
2025-05-10 01:12:42,796 - bitget_handler - INFO - Raw position API response from /api/mix/v1/position/allPosition: {'code': '00000', 'msg': 'success', 'requestTime': 1746807162921, 'data': []}
2025-05-10 01:12:42,796 - bitget_handler - INFO - Trying endpoint: /api/mix/v1/position/singlePosition with params: {'symbol': 'BTCUSDT_UMCBL', 'marginCoin': 'USDT'}
2025-05-10 01:12:43,151 - bitget_handler - ERROR - Error with endpoint /api/mix/v1/position/holds: API Request Error(code=40404): Request URL NOT FOUND
2025-05-10 01:12:43,153 - bitget_handler - WARNING - No positions found using any endpoint
2025-05-10 01:12:43,153 - bitget_handler - INFO - Starting to format 0 positions for dashboard
2025-05-10 01:12:43,153 - bitget_handler - WARNING - No positions were formatted successfully
2025-05-10 01:12:43,321 - bitget_handler - INFO - Raw position API response from /api/mix/v1/position/allPosition: {'code': '00000', 'msg': 'success', 'requestTime': 1746807163447, 'data': []}
2025-05-10 01:12:43,322 - bitget_handler - INFO - Trying endpoint: /api/mix/v1/position/singlePosition with params: {'symbol': 'BTCUSDT_UMCBL', 'marginCoin': 'USDT'}
2025-05-10 01:12:43,452 - bitget_handler - INFO - Raw position API response from /api/mix/v1/position/singlePosition: {'code': '00000', 'msg': 'success', 'requestTime': 1746807163580, 'data': []}
2025-05-10 01:12:43,453 - bitget_handler - INFO - Trying endpoint: /api/mix/v1/position/holds with params: {'productType': 'umcbl', 'marginCoin': 'USDT'}
2025-05-10 01:12:43,976 - bitget_handler - INFO - Raw position API response from /api/mix/v1/position/singlePosition: {'code': '00000', 'msg': 'success', 'requestTime': 1746807164088, 'data': []}
2025-05-10 01:12:43,976 - bitget_handler - INFO - Trying endpoint: /api/mix/v1/position/holds with params: {'productType': 'umcbl', 'marginCoin': 'USDT'}
2025-05-10 01:12:44,063 - bitget_handler - ERROR - Error with endpoint /api/mix/v1/position/holds: API Request Error(code=40404): Request URL NOT FOUND
2025-05-10 01:12:44,066 - bitget_handler - WARNING - No positions found using any endpoint
2025-05-10 01:12:44,066 - bitget_handler - INFO - Starting to format 0 positions for dashboard
2025-05-10 01:12:44,067 - bitget_handler - WARNING - No positions were formatted successfully
2025-05-10 01:12:44,568 - bitget_handler - ERROR - Error with endpoint /api/mix/v1/position/holds: API Request Error(code=40404): Request URL NOT FOUND
2025-05-10 01:12:44,571 - bitget_handler - WARNING - No positions found using any endpoint
2025-05-10 01:12:44,571 - __main__ - INFO - No positions returned from API
2025-05-10 01:12:44,796 - bitget_handler - INFO - Initialized with config: leverage=20, order_size_percentage=10.0
2025-05-10 01:12:44,797 - bitget_handler - INFO - Bitget handler initialized
2025-05-10 01:12:44,810 - werkzeug - INFO - 127.0.0.1 - - [10/May/2025 01:12:44] "GET /settings HTTP/1.1" 200 -
2025-05-10 01:12:45,209 - bitget_handler - INFO - Account API response: {'code': '00000', 'msg': 'success', 'requestTime': 1746807165325, 'data': {'marginCoin': 'USDT', 'locked': '0', 'available': '72.90472547', 'crossMaxAvailable': '72.90472547', 'fixedMaxAvailable': '72.90472547', 'maxTransferOut': '72.90472547', 'equity': '72.90472547', 'usdtEquity': '72.904725470239', 'btcEquity': '0.000710167554', 'crossRiskRate': '0', 'crossMarginLeverage': 10, 'fixedLongLeverage': 20, 'fixedShortLeverage': 20, 'marginMode': 'fixed', 'holdMode': 'double_hold', 'unrealizedPL': '0', 'bonus': '0', 'crossedUnrealizedPL': '', 'isolatedUnrealizedPL': '0'}}
2025-05-10 01:12:45,210 - bitget_handler - INFO - Account details - Available: 72.90472547, Equity: 72.90472547, Unrealized PnL: 0.0
2025-05-10 01:12:45,210 - __main__ - INFO - Account details - Balance: 72.90472547 USDT, Equity: 72.90472547 USDT, Unrealized PnL: 0.0 USDT
2025-05-10 01:12:45,212 - werkzeug - INFO - 127.0.0.1 - - [10/May/2025 01:12:45] "GET /dashboard HTTP/1.1" 200 -
2025-05-10 01:12:48,154 - bitget_handler - INFO - Trying endpoint: /api/mix/v1/position/allPosition with params: {'productType': 'umcbl', 'marginCoin': 'USDT'}
2025-05-10 01:12:48,720 - bitget_handler - INFO - Raw position API response from /api/mix/v1/position/allPosition: {'code': '00000', 'msg': 'success', 'requestTime': 1746807168845, 'data': []}
2025-05-10 01:12:48,721 - bitget_handler - INFO - Trying endpoint: /api/mix/v1/position/singlePosition with params: {'symbol': 'BTCUSDT_UMCBL', 'marginCoin': 'USDT'}
2025-05-10 01:12:49,067 - bitget_handler - INFO - Trying endpoint: /api/mix/v1/position/allPosition with params: {'productType': 'umcbl', 'marginCoin': 'USDT'}
2025-05-10 01:12:49,320 - bitget_handler - INFO - Raw position API response from /api/mix/v1/position/singlePosition: {'code': '00000', 'msg': 'success', 'requestTime': 1746807169427, 'data': []}
2025-05-10 01:12:49,321 - bitget_handler - INFO - Trying endpoint: /api/mix/v1/position/holds with params: {'productType': 'umcbl', 'marginCoin': 'USDT'}
2025-05-10 01:12:49,693 - bitget_handler - INFO - Raw position API response from /api/mix/v1/position/allPosition: {'code': '00000', 'msg': 'success', 'requestTime': 1746807169809, 'data': []}
2025-05-10 01:12:49,694 - bitget_handler - INFO - Trying endpoint: /api/mix/v1/position/singlePosition with params: {'symbol': 'BTCUSDT_UMCBL', 'marginCoin': 'USDT'}
2025-05-10 01:12:49,925 - bitget_handler - ERROR - Error with endpoint /api/mix/v1/position/holds: API Request Error(code=40404): Request URL NOT FOUND
2025-05-10 01:12:49,928 - bitget_handler - WARNING - No positions found using any endpoint
2025-05-10 01:12:49,928 - bitget_handler - INFO - Starting to format 0 positions for dashboard
2025-05-10 01:12:49,928 - bitget_handler - WARNING - No positions were formatted successfully
2025-05-10 01:12:50,288 - bitget_handler - INFO - Raw position API response from /api/mix/v1/position/singlePosition: {'code': '00000', 'msg': 'success', 'requestTime': 1746807170417, 'data': []}
2025-05-10 01:12:50,288 - bitget_handler - INFO - Trying endpoint: /api/mix/v1/position/holds with params: {'productType': 'umcbl', 'marginCoin': 'USDT'}
2025-05-10 01:12:50,907 - bitget_handler - ERROR - Error with endpoint /api/mix/v1/position/holds: API Request Error(code=40404): Request URL NOT FOUND
2025-05-10 01:12:50,909 - bitget_handler - WARNING - No positions found using any endpoint
2025-05-10 01:12:50,909 - bitget_handler - INFO - Starting to format 0 positions for dashboard
2025-05-10 01:12:50,910 - bitget_handler - WARNING - No positions were formatted successfully
2025-05-10 01:12:51,827 - bitget_handler - INFO - Initialized with config: leverage=20, order_size_percentage=10.0
2025-05-10 01:12:51,828 - bitget_handler - INFO - Bitget handler initialized
2025-05-10 01:12:51,832 - bitget_handler - INFO - Initialized with config: leverage=20, order_size_percentage=20.0
2025-05-10 01:12:51,832 - bitget_handler - INFO - Bitget handler initialized
2025-05-10 01:12:51,834 - werkzeug - INFO - 127.0.0.1 - - [10/May/2025 01:12:51] "[32mPOST /settings HTTP/1.1[0m" 302 -
2025-05-10 01:12:51,854 - bitget_handler - INFO - Initialized with config: leverage=20, order_size_percentage=20.0
2025-05-10 01:12:51,854 - bitget_handler - INFO - Bitget handler initialized
2025-05-10 01:12:51,856 - werkzeug - INFO - 127.0.0.1 - - [10/May/2025 01:12:51] "GET /settings HTTP/1.1" 200 -
2025-05-10 01:12:53,695 - bitget_handler - INFO - Initialized with config: leverage=20, order_size_percentage=20.0
2025-05-10 01:12:53,696 - bitget_handler - INFO - Bitget handler initialized
2025-05-10 01:12:53,696 - __main__ - INFO - Fetching positions from Bitget API...
2025-05-10 01:12:53,696 - bitget_handler - INFO - Trying endpoint: /api/mix/v1/position/allPosition with params: {'productType': 'umcbl', 'marginCoin': 'USDT'}
2025-05-10 01:12:54,337 - bitget_handler - INFO - Raw position API response from /api/mix/v1/position/allPosition: {'code': '00000', 'msg': 'success', 'requestTime': 1746807174419, 'data': []}
2025-05-10 01:12:54,337 - bitget_handler - INFO - Trying endpoint: /api/mix/v1/position/singlePosition with params: {'symbol': 'BTCUSDT_UMCBL', 'marginCoin': 'USDT'}
2025-05-10 01:12:54,921 - bitget_handler - INFO - Raw position API response from /api/mix/v1/position/singlePosition: {'code': '00000', 'msg': 'success', 'requestTime': 1746807175040, 'data': []}
2025-05-10 01:12:54,921 - bitget_handler - INFO - Trying endpoint: /api/mix/v1/position/holds with params: {'productType': 'umcbl', 'marginCoin': 'USDT'}
2025-05-10 01:12:54,929 - bitget_handler - INFO - Trying endpoint: /api/mix/v1/position/allPosition with params: {'productType': 'umcbl', 'marginCoin': 'USDT'}
2025-05-10 01:12:55,595 - bitget_handler - INFO - Raw position API response from /api/mix/v1/position/allPosition: {'code': '00000', 'msg': 'success', 'requestTime': 1746807175705, 'data': []}
2025-05-10 01:12:55,596 - bitget_handler - INFO - Trying endpoint: /api/mix/v1/position/singlePosition with params: {'symbol': 'BTCUSDT_UMCBL', 'marginCoin': 'USDT'}
2025-05-10 01:12:55,603 - bitget_handler - ERROR - Error with endpoint /api/mix/v1/position/holds: API Request Error(code=40404): Request URL NOT FOUND
2025-05-10 01:12:55,605 - bitget_handler - WARNING - No positions found using any endpoint
2025-05-10 01:12:55,605 - __main__ - INFO - No positions returned from API
2025-05-10 01:12:55,911 - bitget_handler - INFO - Trying endpoint: /api/mix/v1/position/allPosition with params: {'productType': 'umcbl', 'marginCoin': 'USDT'}
2025-05-10 01:12:56,352 - bitget_handler - INFO - Account API response: {'code': '00000', 'msg': 'success', 'requestTime': 1746807176458, 'data': {'marginCoin': 'USDT', 'locked': '0', 'available': '72.90472547', 'crossMaxAvailable': '72.90472547', 'fixedMaxAvailable': '72.90472547', 'maxTransferOut': '72.90472547', 'equity': '72.90472547', 'usdtEquity': '72.904725470239', 'btcEquity': '0.000709884133', 'crossRiskRate': '0', 'crossMarginLeverage': 10, 'fixedLongLeverage': 20, 'fixedShortLeverage': 20, 'marginMode': 'fixed', 'holdMode': 'double_hold', 'unrealizedPL': '0', 'bonus': '0', 'crossedUnrealizedPL': '', 'isolatedUnrealizedPL': '0'}}
2025-05-10 01:12:56,353 - bitget_handler - INFO - Account details - Available: 72.90472547, Equity: 72.90472547, Unrealized PnL: 0.0
2025-05-10 01:12:56,353 - __main__ - INFO - Account details - Balance: 72.90472547 USDT, Equity: 72.90472547 USDT, Unrealized PnL: 0.0 USDT
2025-05-10 01:12:56,355 - werkzeug - INFO - 127.0.0.1 - - [10/May/2025 01:12:56] "GET /dashboard HTTP/1.1" 200 -
2025-05-10 01:12:56,373 - bitget_handler - INFO - Raw position API response from /api/mix/v1/position/singlePosition: {'code': '00000', 'msg': 'success', 'requestTime': 1746807176465, 'data': []}
2025-05-10 01:12:56,374 - bitget_handler - INFO - Trying endpoint: /api/mix/v1/position/holds with params: {'productType': 'umcbl', 'marginCoin': 'USDT'}
2025-05-10 01:12:56,613 - bitget_handler - INFO - Raw position API response from /api/mix/v1/position/allPosition: {'code': '00000', 'msg': 'success', 'requestTime': 1746807176720, 'data': []}
2025-05-10 01:12:56,614 - bitget_handler - INFO - Trying endpoint: /api/mix/v1/position/singlePosition with params: {'symbol': 'BTCUSDT_UMCBL', 'marginCoin': 'USDT'}
2025-05-10 01:12:57,212 - bitget_handler - ERROR - Error with endpoint /api/mix/v1/position/holds: API Request Error(code=40404): Request URL NOT FOUND
2025-05-10 01:12:57,214 - bitget_handler - WARNING - No positions found using any endpoint
2025-05-10 01:12:57,214 - bitget_handler - INFO - Starting to format 0 positions for dashboard
2025-05-10 01:12:57,215 - bitget_handler - WARNING - No positions were formatted successfully
2025-05-10 01:12:57,404 - bitget_handler - INFO - Raw position API response from /api/mix/v1/position/singlePosition: {'code': '00000', 'msg': 'success', 'requestTime': 1746807177524, 'data': []}
2025-05-10 01:12:57,405 - bitget_handler - INFO - Trying endpoint: /api/mix/v1/position/holds with params: {'productType': 'umcbl', 'marginCoin': 'USDT'}
2025-05-10 01:12:57,951 - bitget_handler - ERROR - Error with endpoint /api/mix/v1/position/holds: API Request Error(code=40404): Request URL NOT FOUND
2025-05-10 01:12:57,954 - bitget_handler - WARNING - No positions found using any endpoint
2025-05-10 01:12:57,954 - bitget_handler - INFO - Starting to format 0 positions for dashboard
2025-05-10 01:12:57,955 - bitget_handler - WARNING - No positions were formatted successfully
2025-05-10 01:12:58,912 - __main__ - INFO - Received webhook data: {'signal': 'BTCUSDT/long/open'}
2025-05-10 01:12:58,913 - bitget_handler - INFO - Initialized with config: leverage=20, order_size_percentage=20.0
2025-05-10 01:12:58,913 - bitget_handler - INFO - Bitget handler initialized
2025-05-10 01:12:58,913 - __main__ - INFO - Processing webhook data: {'signal': 'BTCUSDT/long/open'}
2025-05-10 01:12:58,914 - __main__ - INFO - Found direct signal field: BTCUSDT/long/open
2025-05-10 01:12:58,914 - __main__ - INFO - Extracted signal: BTCUSDT/long/open
2025-05-10 01:12:58,915 - __main__ - INFO - Cleaned symbol: BTCUSDT
2025-05-10 01:12:58,915 - __main__ - INFO - Processing signal: BTCUSDT/long/open
2025-05-10 01:12:58,915 - __main__ - INFO - Starting to process signal: BTCUSDT/long/open
2025-05-10 01:12:58,916 - bitget_handler - INFO - Initialized with config: leverage=20, order_size_percentage=20.0
2025-05-10 01:12:58,917 - bitget_handler - INFO - Bitget handler initialized
2025-05-10 01:12:58,917 - __main__ - INFO - Checking open positions count...
2025-05-10 01:12:58,918 - bitget_handler - INFO - Trying endpoint: /api/mix/v1/position/allPosition with params: {'productType': 'umcbl', 'marginCoin': 'USDT'}
2025-05-10 01:12:59,486 - bitget_handler - INFO - Raw position API response from /api/mix/v1/position/allPosition: {'code': '00000', 'msg': 'success', 'requestTime': 1746807179608, 'data': []}
2025-05-10 01:12:59,486 - bitget_handler - INFO - Trying endpoint: /api/mix/v1/position/singlePosition with params: {'symbol': 'BTCUSDT_UMCBL', 'marginCoin': 'USDT'}
2025-05-10 01:13:00,095 - bitget_handler - INFO - Raw position API response from /api/mix/v1/position/singlePosition: {'code': '00000', 'msg': 'success', 'requestTime': 1746807180199, 'data': []}
2025-05-10 01:13:00,096 - bitget_handler - INFO - Trying endpoint: /api/mix/v1/position/holds with params: {'productType': 'umcbl', 'marginCoin': 'USDT'}
2025-05-10 01:13:00,762 - bitget_handler - ERROR - Error with endpoint /api/mix/v1/position/holds: API Request Error(code=40404): Request URL NOT FOUND
2025-05-10 01:13:00,764 - bitget_handler - WARNING - No positions found using any endpoint
2025-05-10 01:13:00,764 - __main__ - INFO - Current positions from API: []
2025-05-10 01:13:00,765 - __main__ - INFO - Open positions count: 0, Max allowed: 10
2025-05-10 01:13:00,765 - __main__ - INFO - Placing open_long order for BTCUSDT
2025-05-10 01:13:00,765 - __main__ - INFO - Calling place_order with symbol=BTCUSDT, side=open_long
2025-05-10 01:13:00,766 - bitget_handler - INFO - Placing order with formatted symbol: BTCUSDT_UMCBL
2025-05-10 01:13:01,391 - bitget_handler - INFO - Initialized with config: leverage=20, order_size_percentage=20.0
2025-05-10 01:13:01,392 - bitget_handler - INFO - Bitget handler initialized
2025-05-10 01:13:01,392 - __main__ - INFO - Fetching positions from Bitget API...
2025-05-10 01:13:01,392 - bitget_handler - INFO - Trying endpoint: /api/mix/v1/position/allPosition with params: {'productType': 'umcbl', 'marginCoin': 'USDT'}
2025-05-10 01:13:01,398 - bitget_handler - INFO - Account API response: {'code': '00000', 'msg': 'success', 'requestTime': 1746807181515, 'data': {'marginCoin': 'USDT', 'locked': '0', 'available': '72.90472547', 'crossMaxAvailable': '72.90472547', 'fixedMaxAvailable': '72.90472547', 'maxTransferOut': '72.90472547', 'equity': '72.90472547', 'usdtEquity': '72.904725470239', 'btcEquity': '0.000709619382', 'crossRiskRate': '0', 'crossMarginLeverage': 10, 'fixedLongLeverage': 20, 'fixedShortLeverage': 20, 'marginMode': 'fixed', 'holdMode': 'double_hold', 'unrealizedPL': '0', 'bonus': '0', 'crossedUnrealizedPL': '', 'isolatedUnrealizedPL': '0'}}
2025-05-10 01:13:01,399 - bitget_handler - INFO - Account details - Available: 72.90472547, Equity: 72.90472547, Unrealized PnL: 0.0
2025-05-10 01:13:01,399 - bitget_handler - INFO - Account balance: 72.90472547 USDT
2025-05-10 01:13:01,399 - bitget_handler - INFO - Order calculation:
2025-05-10 01:13:01,400 - bitget_handler - INFO - Balance: $72.90472547 USDT
2025-05-10 01:13:01,400 - bitget_handler - INFO - Order Size: 20.0%
2025-05-10 01:13:01,400 - bitget_handler - INFO - Order Amount: $14.580945094 USDT
2025-05-10 01:13:01,400 - bitget_handler - INFO - Getting price for formatted symbol: BTCUSDT_UMCBL
2025-05-10 01:13:02,077 - bitget_handler - INFO - Current price for BTCUSDT_UMCBL: 102693.5
2025-05-10 01:13:02,078 - bitget_handler - INFO - Current price for BTCUSDT: 102693.5
2025-05-10 01:13:02,078 - bitget_handler - INFO - Final size for BTCUSDT: 0.0001419850827364926 ($14.580945094 USDT)
2025-05-10 01:13:02,085 - bitget_handler - INFO - Raw position API response from /api/mix/v1/position/allPosition: {'code': '00000', 'msg': 'success', 'requestTime': 1746807182209, 'data': []}
2025-05-10 01:13:02,085 - bitget_handler - INFO - Trying endpoint: /api/mix/v1/position/singlePosition with params: {'symbol': 'BTCUSDT_UMCBL', 'marginCoin': 'USDT'}
2025-05-10 01:13:02,215 - bitget_handler - INFO - Trying endpoint: /api/mix/v1/position/allPosition with params: {'productType': 'umcbl', 'marginCoin': 'USDT'}
2025-05-10 01:13:02,825 - bitget_handler - INFO - Raw position API response from /api/mix/v1/position/singlePosition: {'code': '00000', 'msg': 'success', 'requestTime': 1746807182952, 'data': []}
2025-05-10 01:13:02,825 - bitget_handler - INFO - Trying endpoint: /api/mix/v1/position/holds with params: {'productType': 'umcbl', 'marginCoin': 'USDT'}
2025-05-10 01:13:02,852 - bitget_handler - INFO - Leverage 20x set for long side: {'code': '00000', 'msg': 'success', 'requestTime': 1746807182958, 'data': {'symbol': 'BTCUSDT_UMCBL', 'marginCoin': 'USDT', 'longLeverage': 20, 'shortLeverage': 20, 'crossMarginLeverage': 20, 'marginMode': 'fixed'}}
2025-05-10 01:13:02,922 - bitget_handler - INFO - Raw position API response from /api/mix/v1/position/allPosition: {'code': '00000', 'msg': 'success', 'requestTime': 1746807183050, 'data': []}
2025-05-10 01:13:02,923 - bitget_handler - INFO - Trying endpoint: /api/mix/v1/position/singlePosition with params: {'symbol': 'BTCUSDT_UMCBL', 'marginCoin': 'USDT'}
2025-05-10 01:13:02,956 - bitget_handler - INFO - Trying endpoint: /api/mix/v1/position/allPosition with params: {'productType': 'umcbl', 'marginCoin': 'USDT'}
2025-05-10 01:13:03,617 - bitget_handler - ERROR - Error with endpoint /api/mix/v1/position/holds: API Request Error(code=40404): Request URL NOT FOUND
2025-05-10 01:13:03,619 - bitget_handler - WARNING - No positions found using any endpoint
2025-05-10 01:13:03,619 - __main__ - INFO - No positions returned from API
2025-05-10 01:13:03,659 - bitget_handler - INFO - Leverage 20x set for short side: {'code': '00000', 'msg': 'success', 'requestTime': 1746807183786, 'data': {'symbol': 'BTCUSDT_UMCBL', 'marginCoin': 'USDT', 'longLeverage': 20, 'shortLeverage': 20, 'crossMarginLeverage': 20, 'marginMode': 'fixed'}}
2025-05-10 01:13:03,659 - bitget_handler - INFO - Adding TP/SL to open_long order:
2025-05-10 01:13:03,660 - bitget_handler - INFO - Entry Price: 102693.5
2025-05-10 01:13:03,660 - bitget_handler - INFO - TP Price: 102898.90000 (0.20000%)
2025-05-10 01:13:03,660 - bitget_handler - INFO - SL Price: 102590.80000 (0.10000%)
2025-05-10 01:13:03,660 - bitget_handler - INFO - Placing open_long order for BTCUSDT_UMCBL, size: 0.0001419850827364926, params: {'symbol': 'BTCUSDT_UMCBL', 'marginCoin': 'USDT', 'size': '0.0001419850827364926', 'side': 'open_long', 'orderType': 'market', 'presetTakeProfitPrice': '102898.9', 'presetStopLossPrice': '102590.8'}
2025-05-10 01:13:03,725 - bitget_handler - INFO - Raw position API response from /api/mix/v1/position/singlePosition: {'code': '00000', 'msg': 'success', 'requestTime': 1746807183852, 'data': []}
2025-05-10 01:13:03,725 - bitget_handler - INFO - Trying endpoint: /api/mix/v1/position/holds with params: {'productType': 'umcbl', 'marginCoin': 'USDT'}
2025-05-10 01:13:03,764 - bitget_handler - INFO - Raw position API response from /api/mix/v1/position/allPosition: {'code': '00000', 'msg': 'success', 'requestTime': 1746807183889, 'data': []}
2025-05-10 01:13:03,765 - bitget_handler - INFO - Trying endpoint: /api/mix/v1/position/singlePosition with params: {'symbol': 'BTCUSDT_UMCBL', 'marginCoin': 'USDT'}
2025-05-10 01:13:04,370 - bitget_handler - INFO - Account API response: {'code': '00000', 'msg': 'success', 'requestTime': 1746807184486, 'data': {'marginCoin': 'USDT', 'locked': '0', 'available': '72.90472547', 'crossMaxAvailable': '72.90472547', 'fixedMaxAvailable': '72.90472547', 'maxTransferOut': '72.90472547', 'equity': '72.90472547', 'usdtEquity': '72.904725470239', 'btcEquity': '0.000709620807', 'crossRiskRate': '0', 'crossMarginLeverage': 10, 'fixedLongLeverage': 20, 'fixedShortLeverage': 20, 'marginMode': 'fixed', 'holdMode': 'double_hold', 'unrealizedPL': '0', 'bonus': '0', 'crossedUnrealizedPL': '', 'isolatedUnrealizedPL': '0'}}
2025-05-10 01:13:04,370 - bitget_handler - INFO - Account details - Available: 72.90472547, Equity: 72.90472547, Unrealized PnL: 0.0
2025-05-10 01:13:04,371 - __main__ - INFO - Account details - Balance: 72.90472547 USDT, Equity: 72.90472547 USDT, Unrealized PnL: 0.0 USDT
2025-05-10 01:13:04,372 - werkzeug - INFO - 127.0.0.1 - - [10/May/2025 01:13:04] "GET /dashboard HTTP/1.1" 200 -
2025-05-10 01:13:04,454 - bitget_handler - INFO - Main order placed successfully: {'code': '00000', 'msg': 'success', 'requestTime': 1746807184559, 'data': {'clientOid': '1304769389441728515', 'orderId': '1304769389433339911'}}
2025-05-10 01:13:04,489 - bitget_handler - INFO - Raw position API response from /api/mix/v1/position/singlePosition: {'code': '00000', 'msg': 'success', 'requestTime': 1746807184614, 'data': [{'marginCoin': 'USDT', 'symbol': 'BTCUSDT_UMCBL', 'holdSide': 'long', 'openDelegateCount': '0.0001', 'margin': '0', 'available': '0', 'locked': '0', 'total': '0', 'leverage': 20, 'achievedProfits': '0', 'averageOpenPrice': '0', 'marginMode': 'fixed', 'holdMode': 'double_hold', 'unrealizedPL': '0', 'liquidationPrice': '0', 'keepMarginRate': '0.004', 'marketPrice': '102693.5', 'marginRatio': None, 'autoMargin': 'off', 'cTime': '1744435583034'}]}
2025-05-10 01:13:04,490 - bitget_handler - INFO - Processing position: Symbol=BTCUSDT_UMCBL, Size=0.0, Side=long
2025-05-10 01:13:04,490 - bitget_handler - INFO - No active positions found using endpoint /api/mix/v1/position/singlePosition
2025-05-10 01:13:04,491 - bitget_handler - INFO - Trying endpoint: /api/mix/v1/position/holds with params: {'productType': 'umcbl', 'marginCoin': 'USDT'}
2025-05-10 01:13:04,500 - bitget_handler - ERROR - Error with endpoint /api/mix/v1/position/holds: API Request Error(code=40404): Request URL NOT FOUND
2025-05-10 01:13:04,503 - bitget_handler - WARNING - No positions found using any endpoint
2025-05-10 01:13:04,503 - bitget_handler - INFO - Starting to format 0 positions for dashboard
2025-05-10 01:13:04,504 - bitget_handler - WARNING - No positions were formatted successfully
2025-05-10 01:13:05,168 - bitget_handler - ERROR - Error with endpoint /api/mix/v1/position/holds: API Request Error(code=40404): Request URL NOT FOUND
2025-05-10 01:13:05,171 - bitget_handler - WARNING - No positions found using any endpoint
2025-05-10 01:13:05,171 - bitget_handler - INFO - Starting to format 0 positions for dashboard
2025-05-10 01:13:05,171 - bitget_handler - WARNING - No positions were formatted successfully
2025-05-10 01:13:05,446 - bitget_handler - INFO - Sending telegram notification with chat_id: -1002515104830
2025-05-10 01:13:06,326 - httpx - INFO - HTTP Request: POST https://api.telegram.org/bot7212214739:AAGtBFsx2ULZhqj6RJ9Ytns1_-2sn2GRVu4/sendMessage "HTTP/1.1 200 OK"
2025-05-10 01:13:07,217 - bitget_handler - INFO - Sending telegram notification with chat_id: -1002515104830
2025-05-10 01:13:08,055 - httpx - INFO - HTTP Request: POST https://api.telegram.org/bot7212214739:AAGtBFsx2ULZhqj6RJ9Ytns1_-2sn2GRVu4/sendMessage "HTTP/1.1 200 OK"
2025-05-10 01:13:08,072 - __main__ - INFO - Order result: {'code': '00000', 'msg': 'success', 'requestTime': 1746807184559, 'data': {'clientOid': '1304769389441728515', 'orderId': '1304769389433339911'}}
2025-05-10 01:13:08,073 - bitget_handler - INFO - Getting price for formatted symbol: BTCUSDT_UMCBL
2025-05-10 01:13:08,734 - bitget_handler - INFO - Current price for BTCUSDT_UMCBL: 102693.0
2025-05-10 01:13:08,737 - bitget_handler - INFO - Initialized with config: leverage=20, order_size_percentage=20.0
2025-05-10 01:13:08,737 - bitget_handler - INFO - Bitget handler initialized
2025-05-10 01:13:09,504 - bitget_handler - INFO - Trying endpoint: /api/mix/v1/position/allPosition with params: {'productType': 'umcbl', 'marginCoin': 'USDT'}
2025-05-10 01:13:09,579 - __main__ - INFO - Sending telegram with chat_id: -1002515104830
2025-05-10 01:13:09,747 - bitget_handler - INFO - Initialized with config: leverage=20, order_size_percentage=20.0
2025-05-10 01:13:09,747 - bitget_handler - INFO - Bitget handler initialized
2025-05-10 01:13:09,748 - __main__ - INFO - Fetching positions from Bitget API...
2025-05-10 01:13:09,748 - bitget_handler - INFO - Trying endpoint: /api/mix/v1/position/allPosition with params: {'productType': 'umcbl', 'marginCoin': 'USDT'}
2025-05-10 01:13:10,147 - bitget_handler - INFO - Raw position API response from /api/mix/v1/position/allPosition: {'code': '00000', 'msg': 'success', 'requestTime': 1746807190274, 'data': [{'marginCoin': 'USDT', 'symbol': 'BTCUSDT_UMCBL', 'holdSide': 'long', 'openDelegateCount': '0', 'margin': '0.5134675', 'available': '0.0001', 'locked': '0', 'total': '0.0001', 'leverage': 20, 'achievedProfits': '0', 'averageOpenPrice': '102693.5', 'marginMode': 'fixed', 'holdMode': 'double_hold', 'unrealizedPL': '0.00012', 'liquidationPrice': '0', 'keepMarginRate': '0.004', 'marketPrice': '102694.7', 'marginRatio': None, 'autoMargin': 'off', 'cTime': '1746807184632'}]}
2025-05-10 01:13:10,148 - bitget_handler - INFO - Processing position: Symbol=BTCUSDT_UMCBL, Size=0.0001, Side=long
2025-05-10 01:13:10,149 - bitget_handler - INFO - Found 1 active positions using endpoint /api/mix/v1/position/allPosition
2025-05-10 01:13:10,149 - bitget_handler - INFO - Starting to format 1 positions for dashboard
2025-05-10 01:13:10,150 - bitget_handler - INFO - Processing position data: {'marginCoin': 'USDT', 'symbol': 'BTCUSDT_UMCBL', 'holdSide': 'long', 'openDelegateCount': '0', 'margin': '0.5134675', 'available': '0.0001', 'locked': '0', 'total': '0.0001', 'leverage': 20, 'achievedProfits': '0', 'averageOpenPrice': '102693.5', 'marginMode': 'fixed', 'holdMode': 'double_hold', 'unrealizedPL': '0.00012', 'liquidationPrice': '0', 'keepMarginRate': '0.004', 'marketPrice': '102694.7', 'marginRatio': None, 'autoMargin': 'off', 'cTime': '1746807184632'}
2025-05-10 01:13:10,151 - bitget_handler - INFO - Successfully formatted position: BTCUSDT LONG 0.0001
2025-05-10 01:13:10,151 - bitget_handler - INFO - Successfully formatted 1 positions
2025-05-10 01:13:10,172 - bitget_handler - INFO - Trying endpoint: /api/mix/v1/position/allPosition with params: {'productType': 'umcbl', 'marginCoin': 'USDT'}
2025-05-10 01:13:10,427 - httpx - INFO - HTTP Request: POST https://api.telegram.org/bot7212214739:AAGtBFsx2ULZhqj6RJ9Ytns1_-2sn2GRVu4/sendMessage "HTTP/1.1 200 OK"
2025-05-10 01:13:10,443 - __main__ - INFO - Successfully opened long position for BTCUSDT
2025-05-10 01:13:10,443 - werkzeug - INFO - 127.0.0.1 - - [10/May/2025 01:13:10] "POST /webhook HTTP/1.1" 200 -
2025-05-10 01:13:10,449 - bitget_handler - INFO - Raw position API response from /api/mix/v1/position/allPosition: {'code': '00000', 'msg': 'success', 'requestTime': 1746807190570, 'data': [{'marginCoin': 'USDT', 'symbol': 'BTCUSDT_UMCBL', 'holdSide': 'long', 'openDelegateCount': '0', 'margin': '0.5134675', 'available': '0.0001', 'locked': '0', 'total': '0.0001', 'leverage': 20, 'achievedProfits': '0', 'averageOpenPrice': '102693.5', 'marginMode': 'fixed', 'holdMode': 'double_hold', 'unrealizedPL': '0.00012', 'liquidationPrice': '0', 'keepMarginRate': '0.004', 'marketPrice': '102694.7', 'marginRatio': None, 'autoMargin': 'off', 'cTime': '1746807184632'}]}
2025-05-10 01:13:10,452 - bitget_handler - INFO - Processing position: Symbol=BTCUSDT_UMCBL, Size=0.0001, Side=long
2025-05-10 01:13:10,452 - bitget_handler - INFO - Found 1 active positions using endpoint /api/mix/v1/position/allPosition
2025-05-10 01:13:10,453 - __main__ - INFO - Retrieved 1 positions from API
2025-05-10 01:13:10,453 - __main__ - INFO - Found 1 active positions after filtering
2025-05-10 01:13:10,453 - bitget_handler - INFO - Starting to format 1 positions for dashboard
2025-05-10 01:13:10,454 - bitget_handler - INFO - Processing position data: {'marginCoin': 'USDT', 'symbol': 'BTCUSDT_UMCBL', 'holdSide': 'long', 'openDelegateCount': '0', 'margin': '0.5134675', 'available': '0.0001', 'locked': '0', 'total': '0.0001', 'leverage': 20, 'achievedProfits': '0', 'averageOpenPrice': '102693.5', 'marginMode': 'fixed', 'holdMode': 'double_hold', 'unrealizedPL': '0.00012', 'liquidationPrice': '0', 'keepMarginRate': '0.004', 'marketPrice': '102694.7', 'marginRatio': None, 'autoMargin': 'off', 'cTime': '1746807184632'}
2025-05-10 01:13:10,455 - bitget_handler - INFO - Successfully formatted position: BTCUSDT LONG 0.0001
2025-05-10 01:13:10,455 - bitget_handler - INFO - Successfully formatted 1 positions
2025-05-10 01:13:10,455 - __main__ - INFO - Successfully formatted 1 positions for dashboard
2025-05-10 01:13:10,846 - bitget_handler - INFO - Raw position API response from /api/mix/v1/position/allPosition: {'code': '00000', 'msg': 'success', 'requestTime': 1746807190956, 'data': [{'marginCoin': 'USDT', 'symbol': 'BTCUSDT_UMCBL', 'holdSide': 'long', 'openDelegateCount': '0', 'margin': '0.5134675', 'available': '0.0001', 'locked': '0', 'total': '0.0001', 'leverage': 20, 'achievedProfits': '0', 'averageOpenPrice': '102693.5', 'marginMode': 'fixed', 'holdMode': 'double_hold', 'unrealizedPL': '0.00012', 'liquidationPrice': '0', 'keepMarginRate': '0.004', 'marketPrice': '102694.7', 'marginRatio': None, 'autoMargin': 'off', 'cTime': '1746807184632'}]}
2025-05-10 01:13:10,848 - bitget_handler - INFO - Processing position: Symbol=BTCUSDT_UMCBL, Size=0.0001, Side=long
2025-05-10 01:13:10,848 - bitget_handler - INFO - Found 1 active positions using endpoint /api/mix/v1/position/allPosition
2025-05-10 01:13:10,849 - bitget_handler - INFO - Starting to format 1 positions for dashboard
2025-05-10 01:13:10,849 - bitget_handler - INFO - Processing position data: {'marginCoin': 'USDT', 'symbol': 'BTCUSDT_UMCBL', 'holdSide': 'long', 'openDelegateCount': '0', 'margin': '0.5134675', 'available': '0.0001', 'locked': '0', 'total': '0.0001', 'leverage': 20, 'achievedProfits': '0', 'averageOpenPrice': '102693.5', 'marginMode': 'fixed', 'holdMode': 'double_hold', 'unrealizedPL': '0.00012', 'liquidationPrice': '0', 'keepMarginRate': '0.004', 'marketPrice': '102694.7', 'marginRatio': None, 'autoMargin': 'off', 'cTime': '1746807184632'}
2025-05-10 01:13:10,850 - bitget_handler - INFO - Successfully formatted position: BTCUSDT LONG 0.0001
2025-05-10 01:13:10,851 - bitget_handler - INFO - Successfully formatted 1 positions
2025-05-10 01:13:11,133 - bitget_handler - INFO - Account API response: {'code': '00000', 'msg': 'success', 'requestTime': 1746807191237, 'data': {'marginCoin': 'USDT', 'locked': '0', 'available': '72.38509636', 'crossMaxAvailable': '72.38509636', 'fixedMaxAvailable': '72.38509636', 'maxTransferOut': '72.38509636', 'equity': '72.89868386', 'usdtEquity': '72.898683860239', 'btcEquity': '0.000709538542', 'crossRiskRate': '0', 'crossMarginLeverage': 10, 'fixedLongLeverage': 20, 'fixedShortLeverage': 20, 'marginMode': 'fixed', 'holdMode': 'double_hold', 'unrealizedPL': '0.00012', 'bonus': '0', 'crossedUnrealizedPL': '', 'isolatedUnrealizedPL': '0.00012'}}
2025-05-10 01:13:11,134 - bitget_handler - INFO - Account details - Available: 72.38509636, Equity: 72.89868386, Unrealized PnL: 0.00012
2025-05-10 01:13:11,135 - __main__ - INFO - Account details - Balance: 72.38509636 USDT, Equity: 72.89868386 USDT, Unrealized PnL: 0.00012 USDT
2025-05-10 01:13:11,136 - werkzeug - INFO - 127.0.0.1 - - [10/May/2025 01:13:11] "GET /dashboard HTTP/1.1" 200 -
2025-05-10 01:13:15,152 - bitget_handler - INFO - Trying endpoint: /api/mix/v1/position/allPosition with params: {'productType': 'umcbl', 'marginCoin': 'USDT'}
2025-05-10 01:13:15,782 - bitget_handler - INFO - Raw position API response from /api/mix/v1/position/allPosition: {'code': '00000', 'msg': 'success', 'requestTime': 1746807195904, 'data': [{'marginCoin': 'USDT', 'symbol': 'BTCUSDT_UMCBL', 'holdSide': 'long', 'openDelegateCount': '0', 'margin': '0.5134675', 'available': '0.0001', 'locked': '0', 'total': '0.0001', 'leverage': 20, 'achievedProfits': '0', 'averageOpenPrice': '102693.5', 'marginMode': 'fixed', 'holdMode': 'double_hold', 'unrealizedPL': '0.00177', 'liquidationPrice': '0', 'keepMarginRate': '0.004', 'marketPrice': '102711.2', 'marginRatio': None, 'autoMargin': 'off', 'cTime': '1746807184632'}]}
2025-05-10 01:13:15,783 - bitget_handler - INFO - Processing position: Symbol=BTCUSDT_UMCBL, Size=0.0001, Side=long
2025-05-10 01:13:15,783 - bitget_handler - INFO - Found 1 active positions using endpoint /api/mix/v1/position/allPosition
2025-05-10 01:13:15,784 - bitget_handler - INFO - Starting to format 1 positions for dashboard
2025-05-10 01:13:15,784 - bitget_handler - INFO - Processing position data: {'marginCoin': 'USDT', 'symbol': 'BTCUSDT_UMCBL', 'holdSide': 'long', 'openDelegateCount': '0', 'margin': '0.5134675', 'available': '0.0001', 'locked': '0', 'total': '0.0001', 'leverage': 20, 'achievedProfits': '0', 'averageOpenPrice': '102693.5', 'marginMode': 'fixed', 'holdMode': 'double_hold', 'unrealizedPL': '0.00177', 'liquidationPrice': '0', 'keepMarginRate': '0.004', 'marketPrice': '102711.2', 'marginRatio': None, 'autoMargin': 'off', 'cTime': '1746807184632'}
2025-05-10 01:13:15,785 - bitget_handler - INFO - Successfully formatted position: BTCUSDT LONG 0.0001
2025-05-10 01:13:15,785 - bitget_handler - INFO - Successfully formatted 1 positions
2025-05-10 01:13:15,851 - bitget_handler - INFO - Trying endpoint: /api/mix/v1/position/allPosition with params: {'productType': 'umcbl', 'marginCoin': 'USDT'}
2025-05-10 01:13:16,173 - bitget_handler - INFO - Initialized with config: leverage=20, order_size_percentage=20.0
2025-05-10 01:13:16,174 - bitget_handler - INFO - Bitget handler initialized
2025-05-10 01:13:16,174 - __main__ - INFO - Fetching positions from Bitget API...
2025-05-10 01:13:16,174 - bitget_handler - INFO - Trying endpoint: /api/mix/v1/position/allPosition with params: {'productType': 'umcbl', 'marginCoin': 'USDT'}
2025-05-10 01:13:16,486 - bitget_handler - INFO - Raw position API response from /api/mix/v1/position/allPosition: {'code': '00000', 'msg': 'success', 'requestTime': 1746807196607, 'data': [{'marginCoin': 'USDT', 'symbol': 'BTCUSDT_UMCBL', 'holdSide': 'long', 'openDelegateCount': '0', 'margin': '0.5134675', 'available': '0.0001', 'locked': '0', 'total': '0.0001', 'leverage': 20, 'achievedProfits': '0', 'averageOpenPrice': '102693.5', 'marginMode': 'fixed', 'holdMode': 'double_hold', 'unrealizedPL': '0.00547', 'liquidationPrice': '0', 'keepMarginRate': '0.004', 'marketPrice': '102748.2', 'marginRatio': None, 'autoMargin': 'off', 'cTime': '1746807184632'}]}
2025-05-10 01:13:16,487 - bitget_handler - INFO - Processing position: Symbol=BTCUSDT_UMCBL, Size=0.0001, Side=long
2025-05-10 01:13:16,487 - bitget_handler - INFO - Found 1 active positions using endpoint /api/mix/v1/position/allPosition
2025-05-10 01:13:16,487 - bitget_handler - INFO - Starting to format 1 positions for dashboard
2025-05-10 01:13:16,487 - bitget_handler - INFO - Processing position data: {'marginCoin': 'USDT', 'symbol': 'BTCUSDT_UMCBL', 'holdSide': 'long', 'openDelegateCount': '0', 'margin': '0.5134675', 'available': '0.0001', 'locked': '0', 'total': '0.0001', 'leverage': 20, 'achievedProfits': '0', 'averageOpenPrice': '102693.5', 'marginMode': 'fixed', 'holdMode': 'double_hold', 'unrealizedPL': '0.00547', 'liquidationPrice': '0', 'keepMarginRate': '0.004', 'marketPrice': '102748.2', 'marginRatio': None, 'autoMargin': 'off', 'cTime': '1746807184632'}
2025-05-10 01:13:16,488 - bitget_handler - INFO - Successfully formatted position: BTCUSDT LONG 0.0001
2025-05-10 01:13:16,489 - bitget_handler - INFO - Successfully formatted 1 positions
2025-05-10 01:13:16,752 - bitget_handler - INFO - Raw position API response from /api/mix/v1/position/allPosition: {'code': '00000', 'msg': 'success', 'requestTime': 1746807196879, 'data': [{'marginCoin': 'USDT', 'symbol': 'BTCUSDT_UMCBL', 'holdSide': 'long', 'openDelegateCount': '0', 'margin': '0.5134675', 'available': '0.0001', 'locked': '0', 'total': '0.0001', 'leverage': 20, 'achievedProfits': '0', 'averageOpenPrice': '102693.5', 'marginMode': 'fixed', 'holdMode': 'double_hold', 'unrealizedPL': '0.00724', 'liquidationPrice': '0', 'keepMarginRate': '0.004', 'marketPrice': '102765.9', 'marginRatio': None, 'autoMargin': 'off', 'cTime': '1746807184632'}]}
2025-05-10 01:13:16,753 - bitget_handler - INFO - Processing position: Symbol=BTCUSDT_UMCBL, Size=0.0001, Side=long
2025-05-10 01:13:16,754 - bitget_handler - INFO - Found 1 active positions using endpoint /api/mix/v1/position/allPosition
2025-05-10 01:13:16,754 - __main__ - INFO - Retrieved 1 positions from API
2025-05-10 01:13:16,754 - __main__ - INFO - Found 1 active positions after filtering
2025-05-10 01:13:16,755 - bitget_handler - INFO - Starting to format 1 positions for dashboard
2025-05-10 01:13:16,755 - bitget_handler - INFO - Processing position data: {'marginCoin': 'USDT', 'symbol': 'BTCUSDT_UMCBL', 'holdSide': 'long', 'openDelegateCount': '0', 'margin': '0.5134675', 'available': '0.0001', 'locked': '0', 'total': '0.0001', 'leverage': 20, 'achievedProfits': '0', 'averageOpenPrice': '102693.5', 'marginMode': 'fixed', 'holdMode': 'double_hold', 'unrealizedPL': '0.00724', 'liquidationPrice': '0', 'keepMarginRate': '0.004', 'marketPrice': '102765.9', 'marginRatio': None, 'autoMargin': 'off', 'cTime': '1746807184632'}
2025-05-10 01:13:16,756 - bitget_handler - INFO - Successfully formatted position: BTCUSDT LONG 0.0001
2025-05-10 01:13:16,756 - bitget_handler - INFO - Successfully formatted 1 positions
2025-05-10 01:13:16,756 - __main__ - INFO - Successfully formatted 1 positions for dashboard
2025-05-10 01:13:17,319 - bitget_handler - INFO - Account API response: {'code': '00000', 'msg': 'success', 'requestTime': 1746807197440, 'data': {'marginCoin': 'USDT', 'locked': '0', 'available': '72.38509636', 'crossMaxAvailable': '72.38509636', 'fixedMaxAvailable': '72.38509636', 'maxTransferOut': '72.38509636', 'equity': '72.90580386', 'usdtEquity': '72.905803860239', 'btcEquity': '0.000709189406', 'crossRiskRate': '0', 'crossMarginLeverage': 10, 'fixedLongLeverage': 20, 'fixedShortLeverage': 20, 'marginMode': 'fixed', 'holdMode': 'double_hold', 'unrealizedPL': '0.00724', 'bonus': '0', 'crossedUnrealizedPL': '', 'isolatedUnrealizedPL': '0.00724'}}
2025-05-10 01:13:17,320 - bitget_handler - INFO - Account details - Available: 72.38509636, Equity: 72.90580386, Unrealized PnL: 0.00724
2025-05-10 01:13:17,320 - __main__ - INFO - Account details - Balance: 72.38509636 USDT, Equity: 72.90580386 USDT, Unrealized PnL: 0.00724 USDT
2025-05-10 01:13:17,322 - werkzeug - INFO - 127.0.0.1 - - [10/May/2025 01:13:17] "GET /dashboard HTTP/1.1" 200 -
2025-05-10 01:13:20,786 - bitget_handler - INFO - Trying endpoint: /api/mix/v1/position/allPosition with params: {'productType': 'umcbl', 'marginCoin': 'USDT'}
2025-05-10 01:13:21,373 - bitget_handler - INFO - Raw position API response from /api/mix/v1/position/allPosition: {'code': '00000', 'msg': 'success', 'requestTime': 1746807201502, 'data': [{'marginCoin': 'USDT', 'symbol': 'BTCUSDT_UMCBL', 'holdSide': 'long', 'openDelegateCount': '0', 'margin': '0.5134675', 'available': '0.0001', 'locked': '0', 'total': '0.0001', 'leverage': 20, 'achievedProfits': '0', 'averageOpenPrice': '102693.5', 'marginMode': 'fixed', 'holdMode': 'double_hold', 'unrealizedPL': '0.00723', 'liquidationPrice': '0', 'keepMarginRate': '0.004', 'marketPrice': '102765.8', 'marginRatio': None, 'autoMargin': 'off', 'cTime': '1746807184632'}]}
2025-05-10 01:13:21,374 - bitget_handler - INFO - Processing position: Symbol=BTCUSDT_UMCBL, Size=0.0001, Side=long
2025-05-10 01:13:21,375 - bitget_handler - INFO - Found 1 active positions using endpoint /api/mix/v1/position/allPosition
2025-05-10 01:13:21,375 - bitget_handler - INFO - Starting to format 1 positions for dashboard
2025-05-10 01:13:21,375 - bitget_handler - INFO - Processing position data: {'marginCoin': 'USDT', 'symbol': 'BTCUSDT_UMCBL', 'holdSide': 'long', 'openDelegateCount': '0', 'margin': '0.5134675', 'available': '0.0001', 'locked': '0', 'total': '0.0001', 'leverage': 20, 'achievedProfits': '0', 'averageOpenPrice': '102693.5', 'marginMode': 'fixed', 'holdMode': 'double_hold', 'unrealizedPL': '0.00723', 'liquidationPrice': '0', 'keepMarginRate': '0.004', 'marketPrice': '102765.8', 'marginRatio': None, 'autoMargin': 'off', 'cTime': '1746807184632'}
2025-05-10 01:13:21,376 - bitget_handler - INFO - Successfully formatted position: BTCUSDT LONG 0.0001
2025-05-10 01:13:21,377 - bitget_handler - INFO - Successfully formatted 1 positions
2025-05-10 01:13:21,489 - bitget_handler - INFO - Trying endpoint: /api/mix/v1/position/allPosition with params: {'productType': 'umcbl', 'marginCoin': 'USDT'}
2025-05-10 01:13:22,072 - bitget_handler - INFO - Raw position API response from /api/mix/v1/position/allPosition: {'code': '00000', 'msg': 'success', 'requestTime': 1746807202184, 'data': [{'marginCoin': 'USDT', 'symbol': 'BTCUSDT_UMCBL', 'holdSide': 'long', 'openDelegateCount': '0', 'margin': '0.5134675', 'available': '0.0001', 'locked': '0', 'total': '0.0001', 'leverage': 20, 'achievedProfits': '0', 'averageOpenPrice': '102693.5', 'marginMode': 'fixed', 'holdMode': 'double_hold', 'unrealizedPL': '0.00723', 'liquidationPrice': '0', 'keepMarginRate': '0.004', 'marketPrice': '102765.8', 'marginRatio': None, 'autoMargin': 'off', 'cTime': '1746807184632'}]}
2025-05-10 01:13:22,073 - bitget_handler - INFO - Processing position: Symbol=BTCUSDT_UMCBL, Size=0.0001, Side=long
2025-05-10 01:13:22,074 - bitget_handler - INFO - Found 1 active positions using endpoint /api/mix/v1/position/allPosition
2025-05-10 01:13:22,074 - bitget_handler - INFO - Starting to format 1 positions for dashboard
2025-05-10 01:13:22,075 - bitget_handler - INFO - Processing position data: {'marginCoin': 'USDT', 'symbol': 'BTCUSDT_UMCBL', 'holdSide': 'long', 'openDelegateCount': '0', 'margin': '0.5134675', 'available': '0.0001', 'locked': '0', 'total': '0.0001', 'leverage': 20, 'achievedProfits': '0', 'averageOpenPrice': '102693.5', 'marginMode': 'fixed', 'holdMode': 'double_hold', 'unrealizedPL': '0.00723', 'liquidationPrice': '0', 'keepMarginRate': '0.004', 'marketPrice': '102765.8', 'marginRatio': None, 'autoMargin': 'off', 'cTime': '1746807184632'}
2025-05-10 01:13:22,076 - bitget_handler - INFO - Successfully formatted position: BTCUSDT LONG 0.0001
2025-05-10 01:13:22,076 - bitget_handler - INFO - Successfully formatted 1 positions
2025-05-10 01:13:22,362 - bitget_handler - INFO - Initialized with config: leverage=20, order_size_percentage=20.0
2025-05-10 01:13:22,363 - bitget_handler - INFO - Bitget handler initialized
2025-05-10 01:13:22,363 - __main__ - INFO - Fetching positions from Bitget API...
2025-05-10 01:13:22,363 - bitget_handler - INFO - Trying endpoint: /api/mix/v1/position/allPosition with params: {'productType': 'umcbl', 'marginCoin': 'USDT'}
2025-05-10 01:13:22,972 - bitget_handler - INFO - Raw position API response from /api/mix/v1/position/allPosition: {'code': '00000', 'msg': 'success', 'requestTime': 1746807203090, 'data': [{'marginCoin': 'USDT', 'symbol': 'BTCUSDT_UMCBL', 'holdSide': 'long', 'openDelegateCount': '0', 'margin': '0.5134675', 'available': '0.0001', 'locked': '0', 'total': '0.0001', 'leverage': 20, 'achievedProfits': '0', 'averageOpenPrice': '102693.5', 'marginMode': 'fixed', 'holdMode': 'double_hold', 'unrealizedPL': '0.00918', 'liquidationPrice': '0', 'keepMarginRate': '0.004', 'marketPrice': '102785.3', 'marginRatio': None, 'autoMargin': 'off', 'cTime': '1746807184632'}]}
2025-05-10 01:13:22,973 - bitget_handler - INFO - Processing position: Symbol=BTCUSDT_UMCBL, Size=0.0001, Side=long
2025-05-10 01:13:22,973 - bitget_handler - INFO - Found 1 active positions using endpoint /api/mix/v1/position/allPosition
2025-05-10 01:13:22,974 - __main__ - INFO - Retrieved 1 positions from API
2025-05-10 01:13:22,974 - __main__ - INFO - Found 1 active positions after filtering
2025-05-10 01:13:22,974 - bitget_handler - INFO - Starting to format 1 positions for dashboard
2025-05-10 01:13:22,975 - bitget_handler - INFO - Processing position data: {'marginCoin': 'USDT', 'symbol': 'BTCUSDT_UMCBL', 'holdSide': 'long', 'openDelegateCount': '0', 'margin': '0.5134675', 'available': '0.0001', 'locked': '0', 'total': '0.0001', 'leverage': 20, 'achievedProfits': '0', 'averageOpenPrice': '102693.5', 'marginMode': 'fixed', 'holdMode': 'double_hold', 'unrealizedPL': '0.00918', 'liquidationPrice': '0', 'keepMarginRate': '0.004', 'marketPrice': '102785.3', 'marginRatio': None, 'autoMargin': 'off', 'cTime': '1746807184632'}
2025-05-10 01:13:22,976 - bitget_handler - INFO - Successfully formatted position: BTCUSDT LONG 0.0001
2025-05-10 01:13:22,976 - bitget_handler - INFO - Successfully formatted 1 positions
2025-05-10 01:13:22,977 - __main__ - INFO - Successfully formatted 1 positions for dashboard
2025-05-10 01:13:23,558 - bitget_handler - INFO - Account API response: {'code': '00000', 'msg': 'success', 'requestTime': 1746807203681, 'data': {'marginCoin': 'USDT', 'locked': '0', 'available': '72.38509636', 'crossMaxAvailable': '72.38509636', 'fixedMaxAvailable': '72.38509636', 'maxTransferOut': '72.38509636', 'equity': '72.90883386', 'usdtEquity': '72.908833860239', 'btcEquity': '0.000708981711', 'crossRiskRate': '0', 'crossMarginLeverage': 10, 'fixedLongLeverage': 20, 'fixedShortLeverage': 20, 'marginMode': 'fixed', 'holdMode': 'double_hold', 'unrealizedPL': '0.01027', 'bonus': '0', 'crossedUnrealizedPL': '', 'isolatedUnrealizedPL': '0.01027'}}
2025-05-10 01:13:23,560 - bitget_handler - INFO - Account details - Available: 72.38509636, Equity: 72.90883386, Unrealized PnL: 0.01027
2025-05-10 01:13:23,561 - __main__ - INFO - Account details - Balance: 72.38509636 USDT, Equity: 72.90883386 USDT, Unrealized PnL: 0.01027 USDT
2025-05-10 01:13:23,563 - werkzeug - INFO - 127.0.0.1 - - [10/May/2025 01:13:23] "GET /dashboard HTTP/1.1" 200 -
2025-05-10 01:13:26,378 - bitget_handler - INFO - Trying endpoint: /api/mix/v1/position/allPosition with params: {'productType': 'umcbl', 'marginCoin': 'USDT'}
2025-05-10 01:13:26,951 - bitget_handler - INFO - Raw position API response from /api/mix/v1/position/allPosition: {'code': '00000', 'msg': 'success', 'requestTime': 1746807207076, 'data': [{'marginCoin': 'USDT', 'symbol': 'BTCUSDT_UMCBL', 'holdSide': 'long', 'openDelegateCount': '0', 'margin': '0.5134675', 'available': '0.0001', 'locked': '0', 'total': '0.0001', 'leverage': 20, 'achievedProfits': '0', 'averageOpenPrice': '102693.5', 'marginMode': 'fixed', 'holdMode': 'double_hold', 'unrealizedPL': '0.01112', 'liquidationPrice': '0', 'keepMarginRate': '0.004', 'marketPrice': '102804.7', 'marginRatio': None, 'autoMargin': 'off', 'cTime': '1746807184632'}]}
2025-05-10 01:13:26,952 - bitget_handler - INFO - Processing position: Symbol=BTCUSDT_UMCBL, Size=0.0001, Side=long
2025-05-10 01:13:26,953 - bitget_handler - INFO - Found 1 active positions using endpoint /api/mix/v1/position/allPosition
2025-05-10 01:13:26,953 - bitget_handler - INFO - Starting to format 1 positions for dashboard
2025-05-10 01:13:26,954 - bitget_handler - INFO - Processing position data: {'marginCoin': 'USDT', 'symbol': 'BTCUSDT_UMCBL', 'holdSide': 'long', 'openDelegateCount': '0', 'margin': '0.5134675', 'available': '0.0001', 'locked': '0', 'total': '0.0001', 'leverage': 20, 'achievedProfits': '0', 'averageOpenPrice': '102693.5', 'marginMode': 'fixed', 'holdMode': 'double_hold', 'unrealizedPL': '0.01112', 'liquidationPrice': '0', 'keepMarginRate': '0.004', 'marketPrice': '102804.7', 'marginRatio': None, 'autoMargin': 'off', 'cTime': '1746807184632'}
2025-05-10 01:13:26,955 - bitget_handler - INFO - Successfully formatted position: BTCUSDT LONG 0.0001
2025-05-10 01:13:26,955 - bitget_handler - INFO - Successfully formatted 1 positions
2025-05-10 01:13:27,077 - bitget_handler - INFO - Trying endpoint: /api/mix/v1/position/allPosition with params: {'productType': 'umcbl', 'marginCoin': 'USDT'}
2025-05-10 01:13:27,253 - __main__ - INFO - Closing position for BTCUSDT (long) with size 0.0001
2025-05-10 01:13:27,253 - bitget_handler - INFO - Placing order with formatted symbol: BTCUSDT_UMCBL
2025-05-10 01:13:27,253 - bitget_handler - INFO - Using provided size for closing position: 0.0001
2025-05-10 01:13:27,816 - bitget_handler - INFO - Raw position API response from /api/mix/v1/position/allPosition: {'code': '00000', 'msg': 'success', 'requestTime': 1746807207838, 'data': [{'marginCoin': 'USDT', 'symbol': 'BTCUSDT_UMCBL', 'holdSide': 'long', 'openDelegateCount': '0', 'margin': '0.5134675', 'available': '0.0001', 'locked': '0', 'total': '0.0001', 'leverage': 20, 'achievedProfits': '0', 'averageOpenPrice': '102693.5', 'marginMode': 'fixed', 'holdMode': 'double_hold', 'unrealizedPL': '0.01112', 'liquidationPrice': '0', 'keepMarginRate': '0.004', 'marketPrice': '102804.7', 'marginRatio': None, 'autoMargin': 'off', 'cTime': '1746807184632'}]}
2025-05-10 01:13:27,817 - bitget_handler - INFO - Processing position: Symbol=BTCUSDT_UMCBL, Size=0.0001, Side=long
2025-05-10 01:13:27,817 - bitget_handler - INFO - Found 1 active positions using endpoint /api/mix/v1/position/allPosition
2025-05-10 01:13:27,818 - bitget_handler - INFO - Starting to format 1 positions for dashboard
2025-05-10 01:13:27,818 - bitget_handler - INFO - Processing position data: {'marginCoin': 'USDT', 'symbol': 'BTCUSDT_UMCBL', 'holdSide': 'long', 'openDelegateCount': '0', 'margin': '0.5134675', 'available': '0.0001', 'locked': '0', 'total': '0.0001', 'leverage': 20, 'achievedProfits': '0', 'averageOpenPrice': '102693.5', 'marginMode': 'fixed', 'holdMode': 'double_hold', 'unrealizedPL': '0.01112', 'liquidationPrice': '0', 'keepMarginRate': '0.004', 'marketPrice': '102804.7', 'marginRatio': None, 'autoMargin': 'off', 'cTime': '1746807184632'}
2025-05-10 01:13:27,819 - bitget_handler - INFO - Successfully formatted position: BTCUSDT LONG 0.0001
2025-05-10 01:13:27,820 - bitget_handler - INFO - Successfully formatted 1 positions
2025-05-10 01:13:27,925 - bitget_handler - INFO - Leverage 20x set for long side: {'code': '00000', 'msg': 'success', 'requestTime': 1746807208033, 'data': {'symbol': 'BTCUSDT_UMCBL', 'marginCoin': 'USDT', 'longLeverage': 20, 'shortLeverage': 20, 'crossMarginLeverage': 20, 'marginMode': 'fixed'}}
2025-05-10 01:13:28,534 - bitget_handler - INFO - Leverage 20x set for short side: {'code': '00000', 'msg': 'success', 'requestTime': 1746807208642, 'data': {'symbol': 'BTCUSDT_UMCBL', 'marginCoin': 'USDT', 'longLeverage': 20, 'shortLeverage': 20, 'crossMarginLeverage': 20, 'marginMode': 'fixed'}}
2025-05-10 01:13:28,535 - bitget_handler - INFO - Placing close_long order for BTCUSDT_UMCBL, size: 0.0001, params: {'symbol': 'BTCUSDT_UMCBL', 'marginCoin': 'USDT', 'size': '0.0001', 'side': 'close_long', 'orderType': 'market'}
2025-05-10 01:13:28,608 - bitget_handler - INFO - Initialized with config: leverage=20, order_size_percentage=20.0
2025-05-10 01:13:28,609 - bitget_handler - INFO - Bitget handler initialized
2025-05-10 01:13:28,609 - __main__ - INFO - Fetching positions from Bitget API...
2025-05-10 01:13:28,609 - bitget_handler - INFO - Trying endpoint: /api/mix/v1/position/allPosition with params: {'productType': 'umcbl', 'marginCoin': 'USDT'}
2025-05-10 01:13:29,242 - bitget_handler - INFO - Main order placed successfully: {'code': '00000', 'msg': 'success', 'requestTime': 1746807209349, 'data': {'clientOid': '1304769493414330368', 'orderId': '1304769493410136097'}}
2025-05-10 01:13:29,243 - __main__ - INFO - Close order result data: {'clientOid': '1304769493414330368', 'orderId': '1304769493410136097'}
2025-05-10 01:13:29,245 - bitget_handler - INFO - Initialized with config: leverage=20, order_size_percentage=20.0
2025-05-10 01:13:29,245 - bitget_handler - INFO - Bitget handler initialized
2025-05-10 01:13:29,259 - bitget_handler - INFO - Raw position API response from /api/mix/v1/position/allPosition: {'code': '00000', 'msg': 'success', 'requestTime': 1746807209381, 'data': [{'marginCoin': 'USDT', 'symbol': 'BTCUSDT_UMCBL', 'holdSide': 'long', 'openDelegateCount': '0', 'margin': '0.5134675', 'available': '0', 'locked': '0.0001', 'total': '0.0001', 'leverage': 20, 'achievedProfits': '0', 'averageOpenPrice': '102693.5', 'marginMode': 'fixed', 'holdMode': 'double_hold', 'unrealizedPL': '0.01109', 'liquidationPrice': '0', 'keepMarginRate': '0.004', 'marketPrice': '102804.4', 'marginRatio': None, 'autoMargin': 'off', 'cTime': '1746807184632'}]}
2025-05-10 01:13:29,260 - bitget_handler - INFO - Processing position: Symbol=BTCUSDT_UMCBL, Size=0.0001, Side=long
2025-05-10 01:13:29,261 - bitget_handler - INFO - Found 1 active positions using endpoint /api/mix/v1/position/allPosition
2025-05-10 01:13:29,261 - __main__ - INFO - Retrieved 1 positions from API
2025-05-10 01:13:29,261 - __main__ - INFO - Found 1 active positions after filtering
2025-05-10 01:13:29,262 - bitget_handler - INFO - Starting to format 1 positions for dashboard
2025-05-10 01:13:29,262 - bitget_handler - INFO - Processing position data: {'marginCoin': 'USDT', 'symbol': 'BTCUSDT_UMCBL', 'holdSide': 'long', 'openDelegateCount': '0', 'margin': '0.5134675', 'available': '0', 'locked': '0.0001', 'total': '0.0001', 'leverage': 20, 'achievedProfits': '0', 'averageOpenPrice': '102693.5', 'marginMode': 'fixed', 'holdMode': 'double_hold', 'unrealizedPL': '0.01109', 'liquidationPrice': '0', 'keepMarginRate': '0.004', 'marketPrice': '102804.4', 'marginRatio': None, 'autoMargin': 'off', 'cTime': '1746807184632'}
2025-05-10 01:13:29,263 - bitget_handler - INFO - Successfully formatted position: BTCUSDT LONG 0.0001
2025-05-10 01:13:29,263 - bitget_handler - INFO - Successfully formatted 1 positions
2025-05-10 01:13:29,263 - __main__ - INFO - Successfully formatted 1 positions for dashboard
2025-05-10 01:13:30,005 - bitget_handler - INFO - Account API response: {'code': '00000', 'msg': 'success', 'requestTime': 1746807210086, 'data': {'marginCoin': 'USDT', 'locked': '0', 'available': '72.9041452', 'crossMaxAvailable': '72.9041452', 'fixedMaxAvailable': '72.9041452', 'maxTransferOut': '72.9041452', 'equity': '72.9041452', 'usdtEquity': '72.904145200239', 'btcEquity': '0.000708840058', 'crossRiskRate': '0', 'crossMarginLeverage': 10, 'fixedLongLeverage': 20, 'fixedShortLeverage': 20, 'marginMode': 'fixed', 'holdMode': 'double_hold', 'unrealizedPL': '0', 'bonus': '0', 'crossedUnrealizedPL': '', 'isolatedUnrealizedPL': '0'}}
2025-05-10 01:13:30,006 - bitget_handler - INFO - Account details - Available: 72.9041452, Equity: 72.9041452, Unrealized PnL: 0.0
2025-05-10 01:13:30,006 - __main__ - INFO - Account details - Balance: 72.9041452 USDT, Equity: 72.9041452 USDT, Unrealized PnL: 0.0 USDT
2025-05-10 01:13:30,007 - werkzeug - INFO - 127.0.0.1 - - [10/May/2025 01:13:30] "GET /dashboard HTTP/1.1" 200 -
2025-05-10 01:13:30,187 - __main__ - INFO - Sending telegram with chat_id: -1002515104830
2025-05-10 01:13:31,083 - httpx - INFO - HTTP Request: POST https://api.telegram.org/bot7212214739:AAGtBFsx2ULZhqj6RJ9Ytns1_-2sn2GRVu4/sendMessage "HTTP/1.1 200 OK"
2025-05-10 01:13:31,098 - werkzeug - INFO - 127.0.0.1 - - [10/May/2025 01:13:31] "[32mPOST /close_position HTTP/1.1[0m" 302 -
2025-05-10 01:13:31,418 - bitget_handler - INFO - Initialized with config: leverage=20, order_size_percentage=20.0
2025-05-10 01:13:31,418 - bitget_handler - INFO - Bitget handler initialized
2025-05-10 01:13:31,419 - werkzeug - INFO - 127.0.0.1 - - [10/May/2025 01:13:31] "GET /settings HTTP/1.1" 200 -
2025-05-10 01:13:31,956 - bitget_handler - INFO - Trying endpoint: /api/mix/v1/position/allPosition with params: {'productType': 'umcbl', 'marginCoin': 'USDT'}
2025-05-10 01:13:32,550 - bitget_handler - INFO - Raw position API response from /api/mix/v1/position/allPosition: {'code': '00000', 'msg': 'success', 'requestTime': 1746807212659, 'data': []}
2025-05-10 01:13:32,551 - bitget_handler - INFO - Trying endpoint: /api/mix/v1/position/singlePosition with params: {'symbol': 'BTCUSDT_UMCBL', 'marginCoin': 'USDT'}
2025-05-10 01:13:32,820 - bitget_handler - INFO - Trying endpoint: /api/mix/v1/position/allPosition with params: {'productType': 'umcbl', 'marginCoin': 'USDT'}
2025-05-10 01:13:33,145 - bitget_handler - INFO - Raw position API response from /api/mix/v1/position/singlePosition: {'code': '00000', 'msg': 'success', 'requestTime': 1746807213273, 'data': []}
2025-05-10 01:13:33,145 - bitget_handler - INFO - Trying endpoint: /api/mix/v1/position/holds with params: {'productType': 'umcbl', 'marginCoin': 'USDT'}
2025-05-10 01:13:33,430 - bitget_handler - INFO - Raw position API response from /api/mix/v1/position/allPosition: {'code': '00000', 'msg': 'success', 'requestTime': 1746807213559, 'data': []}
2025-05-10 01:13:33,431 - bitget_handler - INFO - Trying endpoint: /api/mix/v1/position/singlePosition with params: {'symbol': 'BTCUSDT_UMCBL', 'marginCoin': 'USDT'}
2025-05-10 01:13:33,829 - bitget_handler - ERROR - Error with endpoint /api/mix/v1/position/holds: API Request Error(code=40404): Request URL NOT FOUND
2025-05-10 01:13:33,832 - bitget_handler - WARNING - No positions found using any endpoint
2025-05-10 01:13:33,832 - bitget_handler - INFO - Starting to format 0 positions for dashboard
2025-05-10 01:13:33,833 - bitget_handler - WARNING - No positions were formatted successfully
2025-05-10 01:13:34,046 - bitget_handler - INFO - Raw position API response from /api/mix/v1/position/singlePosition: {'code': '00000', 'msg': 'success', 'requestTime': 1746807214173, 'data': []}
2025-05-10 01:13:34,047 - bitget_handler - INFO - Trying endpoint: /api/mix/v1/position/holds with params: {'productType': 'umcbl', 'marginCoin': 'USDT'}
2025-05-10 01:13:34,652 - bitget_handler - ERROR - Error with endpoint /api/mix/v1/position/holds: API Request Error(code=40404): Request URL NOT FOUND
2025-05-10 01:13:34,655 - bitget_handler - WARNING - No positions found using any endpoint
2025-05-10 01:13:34,655 - bitget_handler - INFO - Starting to format 0 positions for dashboard
2025-05-10 01:13:34,656 - bitget_handler - WARNING - No positions were formatted successfully
2025-05-10 01:13:38,833 - bitget_handler - INFO - Trying endpoint: /api/mix/v1/position/allPosition with params: {'productType': 'umcbl', 'marginCoin': 'USDT'}
2025-05-10 01:13:39,009 - bitget_handler - INFO - Initialized with config: leverage=20, order_size_percentage=20.0
2025-05-10 01:13:39,010 - bitget_handler - INFO - Bitget handler initialized
2025-05-10 01:13:39,011 - bitget_handler - INFO - Initialized with config: leverage=20, order_size_percentage=20.0
2025-05-10 01:13:39,011 - bitget_handler - INFO - Bitget handler initialized
2025-05-10 01:13:39,012 - werkzeug - INFO - 127.0.0.1 - - [10/May/2025 01:13:39] "[32mPOST /settings HTTP/1.1[0m" 302 -
2025-05-10 01:13:39,030 - bitget_handler - INFO - Initialized with config: leverage=20, order_size_percentage=20.0
2025-05-10 01:13:39,030 - bitget_handler - INFO - Bitget handler initialized
2025-05-10 01:13:39,033 - werkzeug - INFO - 127.0.0.1 - - [10/May/2025 01:13:39] "GET /settings HTTP/1.1" 200 -
2025-05-10 01:13:39,469 - bitget_handler - INFO - Raw position API response from /api/mix/v1/position/allPosition: {'code': '00000', 'msg': 'success', 'requestTime': 1746807219576, 'data': []}
2025-05-10 01:13:39,470 - bitget_handler - INFO - Trying endpoint: /api/mix/v1/position/singlePosition with params: {'symbol': 'BTCUSDT_UMCBL', 'marginCoin': 'USDT'}
2025-05-10 01:13:39,657 - bitget_handler - INFO - Trying endpoint: /api/mix/v1/position/allPosition with params: {'productType': 'umcbl', 'marginCoin': 'USDT'}
2025-05-10 01:13:40,057 - bitget_handler - INFO - Raw position API response from /api/mix/v1/position/singlePosition: {'code': '00000', 'msg': 'success', 'requestTime': 1746807220187, 'data': []}
2025-05-10 01:13:40,058 - bitget_handler - INFO - Trying endpoint: /api/mix/v1/position/holds with params: {'productType': 'umcbl', 'marginCoin': 'USDT'}
2025-05-10 01:13:40,279 - bitget_handler - INFO - Raw position API response from /api/mix/v1/position/allPosition: {'code': '00000', 'msg': 'success', 'requestTime': 1746807220393, 'data': []}
2025-05-10 01:13:40,279 - bitget_handler - INFO - Trying endpoint: /api/mix/v1/position/singlePosition with params: {'symbol': 'BTCUSDT_UMCBL', 'marginCoin': 'USDT'}
2025-05-10 01:13:40,674 - bitget_handler - ERROR - Error with endpoint /api/mix/v1/position/holds: API Request Error(code=40404): Request URL NOT FOUND
2025-05-10 01:13:40,677 - bitget_handler - WARNING - No positions found using any endpoint
2025-05-10 01:13:40,677 - bitget_handler - INFO - Starting to format 0 positions for dashboard
2025-05-10 01:13:40,678 - bitget_handler - WARNING - No positions were formatted successfully
2025-05-10 01:13:40,693 - bitget_handler - INFO - Initialized with config: leverage=20, order_size_percentage=20.0
2025-05-10 01:13:40,694 - bitget_handler - INFO - Bitget handler initialized
2025-05-10 01:13:40,694 - __main__ - INFO - Fetching positions from Bitget API...
2025-05-10 01:13:40,694 - bitget_handler - INFO - Trying endpoint: /api/mix/v1/position/allPosition with params: {'productType': 'umcbl', 'marginCoin': 'USDT'}
2025-05-10 01:13:40,928 - bitget_handler - INFO - Raw position API response from /api/mix/v1/position/singlePosition: {'code': '00000', 'msg': 'success', 'requestTime': 1746807221055, 'data': []}
2025-05-10 01:13:40,929 - bitget_handler - INFO - Trying endpoint: /api/mix/v1/position/holds with params: {'productType': 'umcbl', 'marginCoin': 'USDT'}
2025-05-10 01:13:41,522 - bitget_handler - INFO - Raw position API response from /api/mix/v1/position/allPosition: {'code': '00000', 'msg': 'success', 'requestTime': 1746807221628, 'data': []}
2025-05-10 01:13:41,523 - bitget_handler - INFO - Trying endpoint: /api/mix/v1/position/singlePosition with params: {'symbol': 'BTCUSDT_UMCBL', 'marginCoin': 'USDT'}
2025-05-10 01:13:41,634 - bitget_handler - ERROR - Error with endpoint /api/mix/v1/position/holds: API Request Error(code=40404): Request URL NOT FOUND
2025-05-10 01:13:41,636 - bitget_handler - WARNING - No positions found using any endpoint
2025-05-10 01:13:41,637 - bitget_handler - INFO - Starting to format 0 positions for dashboard
2025-05-10 01:13:41,637 - bitget_handler - WARNING - No positions were formatted successfully
2025-05-10 01:13:42,129 - bitget_handler - INFO - Raw position API response from /api/mix/v1/position/singlePosition: {'code': '00000', 'msg': 'success', 'requestTime': 1746807222240, 'data': []}
2025-05-10 01:13:42,130 - bitget_handler - INFO - Trying endpoint: /api/mix/v1/position/holds with params: {'productType': 'umcbl', 'marginCoin': 'USDT'}
2025-05-10 01:13:42,706 - bitget_handler - ERROR - Error with endpoint /api/mix/v1/position/holds: API Request Error(code=40404): Request URL NOT FOUND
2025-05-10 01:13:42,708 - bitget_handler - WARNING - No positions found using any endpoint
2025-05-10 01:13:42,709 - __main__ - INFO - No positions returned from API
